<?xml version="1.0" encoding="utf-8"?>
<CoverageSession xmlns:xsd="http://www.w3.org/2001/XMLSchema" xmlns:xsi="http://www.w3.org/2001/XMLSchema-instance" Version="0.0.0.0">
  <Summary numSequencePoints="2578" visitedSequencePoints="0" numBranchPoints="0" visitedBranchPoints="0" sequenceCoverage="0.0" branchCoverage="0.0" maxCyclomaticComplexity="0" minCyclomaticComplexity="0" maxCrapScore="0" minCrapScore="0" visitedClasses="0" numClasses="63" visitedMethods="0" numMethods="260" />
  <Modules>
    <Module>
      <Summary numSequencePoints="1952" visitedSequencePoints="0" numBranchPoints="0" visitedBranchPoints="0" sequenceCoverage="0.0" branchCoverage="0.0" maxCyclomaticComplexity="0" minCyclomaticComplexity="0" maxCrapScore="0" minCrapScore="0" visitedClasses="0" numClasses="57" visitedMethods="0" numMethods="219" />
      <ModuleTime>0001-01-01T00:00:00</ModuleTime>
      <ModuleName>Assembly-CSharp</ModuleName>
      <Files>
        <File uid="1" fullPath="C:/Users/82105/team-project-for-2025-spring-swpp-team-08/Assets/DownloadedAssets/TrueClouds/ExampleScenes/Scripts/FPS60.cs" />
        <File uid="2" fullPath="C:/Users/82105/team-project-for-2025-spring-swpp-team-08/Assets/Scripts/Commons/BallFollower.cs" />
        <File uid="3" fullPath="C:/Users/82105/team-project-for-2025-spring-swpp-team-08/Assets/Scripts/Commons/CameraFollow.cs" />
        <File uid="4" fullPath="C:/Users/82105/team-project-for-2025-spring-swpp-team-08/Assets/Scripts/Commons/CameraPivotController.cs" />
        <File uid="5" fullPath="C:/Users/82105/team-project-for-2025-spring-swpp-team-08/Assets/Scripts/Commons/Checkpoint.cs" />
        <File uid="6" fullPath="C:/Users/82105/team-project-for-2025-spring-swpp-team-08/Assets/Scripts/Commons/CheckpointManager.cs" />
        <File uid="7" fullPath="C:/Users/82105/team-project-for-2025-spring-swpp-team-08/Assets/Scripts/Commons/NewPlayerControl.cs" />
        <File uid="8" fullPath="C:/Users/82105/team-project-for-2025-spring-swpp-team-08/Assets/Scripts/Commons/PlayerController.cs" />
        <File uid="9" fullPath="C:/Users/82105/team-project-for-2025-spring-swpp-team-08/Assets/Scripts/Commons/SimpleOrbitCamera.cs" />
        <File uid="10" fullPath="C:/Users/82105/team-project-for-2025-spring-swpp-team-08/Assets/Scripts/Ending/EndingCreditScript.cs" />
        <File uid="11" fullPath="C:/Users/82105/team-project-for-2025-spring-swpp-team-08/Assets/Scripts/Ending/GraduateHatMove.cs" />
        <File uid="12" fullPath="C:/Users/82105/team-project-for-2025-spring-swpp-team-08/Assets/Scripts/Ending/HatCollideEnd.cs" />
        <File uid="13" fullPath="C:/Users/82105/team-project-for-2025-spring-swpp-team-08/Assets/Scripts/Ending/InputName.cs" />
        <File uid="14" fullPath="C:/Users/82105/team-project-for-2025-spring-swpp-team-08/Assets/Scripts/Ending/NewPlayerMoveToHeaven.cs" />
        <File uid="15" fullPath="C:/Users/82105/team-project-for-2025-spring-swpp-team-08/Assets/Scripts/Ending/OpenScoreBoard.cs" />
        <File uid="16" fullPath="C:/Users/82105/team-project-for-2025-spring-swpp-team-08/Assets/Scripts/Ending/PlayMusic.cs" />
        <File uid="17" fullPath="C:/Users/82105/team-project-for-2025-spring-swpp-team-08/Assets/Scripts/Ending/ResetButton.cs" />
        <File uid="18" fullPath="C:/Users/82105/team-project-for-2025-spring-swpp-team-08/Assets/Scripts/Ending/RestartGame.cs" />
        <File uid="19" fullPath="C:/Users/82105/team-project-for-2025-spring-swpp-team-08/Assets/Scripts/Ending/SceneEnterMusic.cs" />
        <File uid="20" fullPath="C:/Users/82105/team-project-for-2025-spring-swpp-team-08/Assets/Scripts/Ending/ScoreBoardManager.cs" />
        <File uid="21" fullPath="C:/Users/82105/team-project-for-2025-spring-swpp-team-08/Assets/Scripts/Managers/GameManager.cs" />
        <File uid="22" fullPath="C:/Users/82105/team-project-for-2025-spring-swpp-team-08/Assets/Scripts/Managers/PlayManager.cs" />
        <File uid="23" fullPath="C:/Users/82105/team-project-for-2025-spring-swpp-team-08/Assets/Scripts/Managers/UIManager.cs" />
        <File uid="24" fullPath="C:/Users/82105/team-project-for-2025-spring-swpp-team-08/Assets/Scripts/Obstacles/JumpPad.cs" />
        <File uid="25" fullPath="C:/Users/82105/team-project-for-2025-spring-swpp-team-08/Assets/Scripts/Stage4/ActivateButton.cs" />
        <File uid="26" fullPath="C:/Users/82105/team-project-for-2025-spring-swpp-team-08/Assets/Scripts/Stage4/PredefinedBehaviour.cs" />
        <File uid="27" fullPath="C:/Users/82105/team-project-for-2025-spring-swpp-team-08/Assets/Scripts/Stage4/ReverseMoveBehaviour.cs" />
        <File uid="28" fullPath="C:/Users/82105/team-project-for-2025-spring-swpp-team-08/Assets/Scripts/Stage4/SimpleMoveBehaviour.cs" />
        <File uid="29" fullPath="C:/Users/82105/team-project-for-2025-spring-swpp-team-08/Assets/Scripts/Stage4/SimpleMoveRestoreBehaviour.cs" />
        <File uid="30" fullPath="C:/Users/82105/team-project-for-2025-spring-swpp-team-08/Assets/Scripts/Stage4/StopMoveBehaviour.cs" />
        <File uid="31" fullPath="C:/Users/82105/team-project-for-2025-spring-swpp-team-08/Assets/Scripts/Stage2/Door.cs" />
        <File uid="32" fullPath="C:/Users/82105/team-project-for-2025-spring-swpp-team-08/Assets/Scripts/Stage2/DoorManager.cs" />
        <File uid="33" fullPath="C:/Users/82105/team-project-for-2025-spring-swpp-team-08/Assets/Scripts/Stage2/HashQuestion.cs" />
        <File uid="34" fullPath="C:/Users/82105/team-project-for-2025-spring-swpp-team-08/Assets/Scripts/Stage2/HashQuestionFactory.cs" />
        <File uid="35" fullPath="C:/Users/82105/team-project-for-2025-spring-swpp-team-08/Assets/Scripts/Stage2/LinkedListGround.cs" />
        <File uid="36" fullPath="C:/Users/82105/team-project-for-2025-spring-swpp-team-08/Assets/Scripts/Stage2/ModHash.cs" />
        <File uid="37" fullPath="C:/Users/82105/team-project-for-2025-spring-swpp-team-08/Assets/Scripts/Stage2/StackGround.cs" />
        <File uid="38" fullPath="C:/Users/82105/team-project-for-2025-spring-swpp-team-08/Assets/Scripts/SampleScene/SampleSceneGoalObject.cs" />
        <File uid="39" fullPath="C:/Users/82105/team-project-for-2025-spring-swpp-team-08/Assets/DownloadedAssets/TrueClouds/ExampleScenes/Scripts/FPSDisplay.cs" />
        <File uid="40" fullPath="C:/Users/82105/team-project-for-2025-spring-swpp-team-08/Assets/DownloadedAssets/TrueClouds/ExampleScenes/Scripts/ScriptPerformanceMeasure.cs" />
        <File uid="41" fullPath="C:/Users/82105/team-project-for-2025-spring-swpp-team-08/Assets/DownloadedAssets/TrueClouds/Scripts/CloudCamera.cs" />
        <File uid="42" fullPath="C:/Users/82105/team-project-for-2025-spring-swpp-team-08/Assets/DownloadedAssets/TrueClouds/Scripts/CloudCamera3D.cs" />
        <File uid="43" fullPath="C:/Users/82105/team-project-for-2025-spring-swpp-team-08/Assets/DownloadedAssets/TrueClouds/Scripts/CloudPointLight.cs" />
        <File uid="44" fullPath="C:/Users/82105/team-project-for-2025-spring-swpp-team-08/Assets/DownloadedAssets/FastMesh/Scripts/SceneViewText.cs" />
      </Files>
      <Classes>
        <Class>
          <Summary numSequencePoints="6" visitedSequencePoints="0" numBranchPoints="0" visitedBranchPoints="0" sequenceCoverage="0.0" branchCoverage="0.0" maxCyclomaticComplexity="0" minCyclomaticComplexity="0" maxCrapScore="0" minCrapScore="0" visitedClasses="0" numClasses="1" visitedMethods="0" numMethods="1" />
          <FullName>FPS60</FullName>
          <Methods>
            <Method visited="false" cyclomaticComplexity="0" nPathComplexity="0" sequenceCoverage="0.0" branchCoverage="0" crapScore="0" isConstructor="false" isStatic="false" isGetter="false" isSetter="false">
              <Summary numSequencePoints="6" visitedSequencePoints="0" numBranchPoints="0" visitedBranchPoints="0" sequenceCoverage="0.0" branchCoverage="0" maxCyclomaticComplexity="0" minCyclomaticComplexity="0" maxCrapScore="0" minCrapScore="0" visitedClasses="0" numClasses="0" visitedMethods="0" numMethods="1" />
              <MetadataToken>100663297</MetadataToken>
              <Name>System.Void FPS60::Awake()</Name>
              <FileRef uid="1" />
              <SequencePoints>
                <SequencePoint vc="0" uspid="1" ordinal="0" offset="0" sl="8" sc="0" el="8" ec="0" bec="0" bev="0" fileid="1" />
                <SequencePoint vc="0" uspid="2" ordinal="0" offset="1" sl="9" sc="0" el="9" ec="0" bec="0" bev="0" fileid="1" />
                <SequencePoint vc="0" uspid="3" ordinal="0" offset="10" sl="10" sc="0" el="10" ec="0" bec="0" bev="0" fileid="1" />
                <SequencePoint vc="0" uspid="4" ordinal="0" offset="11" sl="11" sc="0" el="11" ec="0" bec="0" bev="0" fileid="1" />
                <SequencePoint vc="0" uspid="5" ordinal="0" offset="22" sl="12" sc="0" el="12" ec="0" bec="0" bev="0" fileid="1" />
                <SequencePoint vc="0" uspid="6" ordinal="0" offset="23" sl="13" sc="0" el="13" ec="0" bec="0" bev="0" fileid="1" />
              </SequencePoints>
              <BranchPoints />
            </Method>
          </Methods>
        </Class>
        <Class>
          <Summary numSequencePoints="33" visitedSequencePoints="0" numBranchPoints="0" visitedBranchPoints="0" sequenceCoverage="0.0" branchCoverage="0.0" maxCyclomaticComplexity="0" minCyclomaticComplexity="0" maxCrapScore="0" minCrapScore="0" visitedClasses="0" numClasses="1" visitedMethods="0" numMethods="3" />
          <FullName>BallFollower</FullName>
          <Methods>
            <Method visited="false" cyclomaticComplexity="0" nPathComplexity="0" sequenceCoverage="0.0" branchCoverage="0" crapScore="0" isConstructor="false" isStatic="false" isGetter="false" isSetter="false">
              <Summary numSequencePoints="19" visitedSequencePoints="0" numBranchPoints="0" visitedBranchPoints="0" sequenceCoverage="0.0" branchCoverage="0" maxCyclomaticComplexity="0" minCyclomaticComplexity="0" maxCrapScore="0" minCrapScore="0" visitedClasses="0" numClasses="0" visitedMethods="0" numMethods="1" />
              <MetadataToken>100663299</MetadataToken>
              <Name>System.Void BallFollower::Start()</Name>
              <FileRef uid="2" />
              <SequencePoints>
                <SequencePoint vc="0" uspid="7" ordinal="0" offset="0" sl="21" sc="0" el="21" ec="0" bec="0" bev="0" fileid="2" />
                <SequencePoint vc="0" uspid="8" ordinal="0" offset="1" sl="25" sc="0" el="25" ec="0" bec="0" bev="0" fileid="2" />
                <SequencePoint vc="0" uspid="9" ordinal="0" offset="22" sl="26" sc="0" el="26" ec="0" bec="0" bev="0" fileid="2" />
                <SequencePoint vc="0" uspid="10" ordinal="0" offset="23" sl="27" sc="0" el="27" ec="0" bec="0" bev="0" fileid="2" />
                <SequencePoint vc="0" uspid="11" ordinal="0" offset="35" sl="28" sc="0" el="28" ec="0" bec="0" bev="0" fileid="2" />
                <SequencePoint vc="0" uspid="12" ordinal="0" offset="43" sl="29" sc="0" el="29" ec="0" bec="0" bev="0" fileid="2" />
                <SequencePoint vc="0" uspid="13" ordinal="0" offset="48" sl="33" sc="0" el="33" ec="0" bec="0" bev="0" fileid="2" />
                <SequencePoint vc="0" uspid="14" ordinal="0" offset="76" sl="36" sc="0" el="36" ec="0" bec="0" bev="0" fileid="2" />
                <SequencePoint vc="0" uspid="15" ordinal="0" offset="92" sl="37" sc="0" el="37" ec="0" bec="0" bev="0" fileid="2" />
                <SequencePoint vc="0" uspid="16" ordinal="0" offset="93" sl="38" sc="0" el="38" ec="0" bec="0" bev="0" fileid="2" />
                <SequencePoint vc="0" uspid="17" ordinal="0" offset="121" sl="39" sc="0" el="39" ec="0" bec="0" bev="0" fileid="2" />
                <SequencePoint vc="0" uspid="18" ordinal="0" offset="129" sl="40" sc="0" el="40" ec="0" bec="0" bev="0" fileid="2" />
                <SequencePoint vc="0" uspid="19" ordinal="0" offset="131" sl="44" sc="0" el="44" ec="0" bec="0" bev="0" fileid="2" />
                <SequencePoint vc="0" uspid="20" ordinal="0" offset="148" sl="47" sc="0" el="47" ec="0" bec="0" bev="0" fileid="2" />
                <SequencePoint vc="0" uspid="21" ordinal="0" offset="164" sl="48" sc="0" el="48" ec="0" bec="0" bev="0" fileid="2" />
                <SequencePoint vc="0" uspid="22" ordinal="0" offset="165" sl="49" sc="0" el="49" ec="0" bec="0" bev="0" fileid="2" />
                <SequencePoint vc="0" uspid="23" ordinal="0" offset="193" sl="50" sc="0" el="50" ec="0" bec="0" bev="0" fileid="2" />
                <SequencePoint vc="0" uspid="24" ordinal="0" offset="201" sl="51" sc="0" el="51" ec="0" bec="0" bev="0" fileid="2" />
                <SequencePoint vc="0" uspid="25" ordinal="0" offset="202" sl="52" sc="0" el="52" ec="0" bec="0" bev="0" fileid="2" />
              </SequencePoints>
              <BranchPoints />
            </Method>
            <Method visited="false" cyclomaticComplexity="0" nPathComplexity="0" sequenceCoverage="0.0" branchCoverage="0" crapScore="0" isConstructor="false" isStatic="false" isGetter="false" isSetter="false">
              <Summary numSequencePoints="11" visitedSequencePoints="0" numBranchPoints="0" visitedBranchPoints="0" sequenceCoverage="0.0" branchCoverage="0" maxCyclomaticComplexity="0" minCyclomaticComplexity="0" maxCrapScore="0" minCrapScore="0" visitedClasses="0" numClasses="0" visitedMethods="0" numMethods="1" />
              <MetadataToken>100663300</MetadataToken>
              <Name>System.Void BallFollower::LateUpdate()</Name>
              <FileRef uid="2" />
              <SequencePoints>
                <SequencePoint vc="0" uspid="26" ordinal="0" offset="0" sl="56" sc="0" el="56" ec="0" bec="0" bev="0" fileid="2" />
                <SequencePoint vc="0" uspid="27" ordinal="0" offset="1" sl="58" sc="0" el="58" ec="0" bec="0" bev="0" fileid="2" />
                <SequencePoint vc="0" uspid="28" ordinal="0" offset="17" sl="58" sc="0" el="58" ec="0" bec="0" bev="0" fileid="2" />
                <SequencePoint vc="0" uspid="29" ordinal="0" offset="19" sl="61" sc="0" el="61" ec="0" bec="0" bev="0" fileid="2" />
                <SequencePoint vc="0" uspid="30" ordinal="0" offset="53" sl="64" sc="0" el="64" ec="0" bec="0" bev="0" fileid="2" />
                <SequencePoint vc="0" uspid="31" ordinal="0" offset="65" sl="66" sc="0" el="66" ec="0" bec="0" bev="0" fileid="2" />
                <SequencePoint vc="0" uspid="32" ordinal="0" offset="80" sl="67" sc="0" el="67" ec="0" bec="0" bev="0" fileid="2" />
                <SequencePoint vc="0" uspid="33" ordinal="0" offset="81" sl="68" sc="0" el="68" ec="0" bec="0" bev="0" fileid="2" />
                <SequencePoint vc="0" uspid="34" ordinal="0" offset="93" sl="69" sc="0" el="69" ec="0" bec="0" bev="0" fileid="2" />
                <SequencePoint vc="0" uspid="35" ordinal="0" offset="134" sl="70" sc="0" el="70" ec="0" bec="0" bev="0" fileid="2" />
                <SequencePoint vc="0" uspid="36" ordinal="0" offset="135" sl="71" sc="0" el="71" ec="0" bec="0" bev="0" fileid="2" />
              </SequencePoints>
              <BranchPoints />
            </Method>
            <Method visited="false" cyclomaticComplexity="0" nPathComplexity="0" sequenceCoverage="0.0" branchCoverage="0" crapScore="0" isConstructor="true" isStatic="false" isGetter="false" isSetter="false">
              <Summary numSequencePoints="3" visitedSequencePoints="0" numBranchPoints="0" visitedBranchPoints="0" sequenceCoverage="0.0" branchCoverage="0" maxCyclomaticComplexity="0" minCyclomaticComplexity="0" maxCrapScore="0" minCrapScore="0" visitedClasses="0" numClasses="0" visitedMethods="0" numMethods="1" />
              <MetadataToken>100663301</MetadataToken>
              <Name>BallFollower::BallFollower()</Name>
              <FileRef uid="2" />
              <SequencePoints>
                <SequencePoint vc="0" uspid="37" ordinal="0" offset="0" sl="12" sc="0" el="12" ec="0" bec="0" bev="0" fileid="2" />
                <SequencePoint vc="0" uspid="38" ordinal="0" offset="11" sl="15" sc="0" el="15" ec="0" bec="0" bev="0" fileid="2" />
                <SequencePoint vc="0" uspid="39" ordinal="0" offset="22" sl="18" sc="0" el="18" ec="0" bec="0" bev="0" fileid="2" />
              </SequencePoints>
              <BranchPoints />
            </Method>
          </Methods>
        </Class>
        <Class>
          <Summary numSequencePoints="5" visitedSequencePoints="0" numBranchPoints="0" visitedBranchPoints="0" sequenceCoverage="0.0" branchCoverage="0.0" maxCyclomaticComplexity="0" minCyclomaticComplexity="0" maxCrapScore="0" minCrapScore="0" visitedClasses="0" numClasses="1" visitedMethods="0" numMethods="1" />
          <FullName>CameraFollow</FullName>
          <Methods>
            <Method visited="false" cyclomaticComplexity="0" nPathComplexity="0" sequenceCoverage="0.0" branchCoverage="0" crapScore="0" isConstructor="false" isStatic="false" isGetter="false" isSetter="false">
              <Summary numSequencePoints="5" visitedSequencePoints="0" numBranchPoints="0" visitedBranchPoints="0" sequenceCoverage="0.0" branchCoverage="0" maxCyclomaticComplexity="0" minCyclomaticComplexity="0" maxCrapScore="0" minCrapScore="0" visitedClasses="0" numClasses="0" visitedMethods="0" numMethods="1" />
              <MetadataToken>100663302</MetadataToken>
              <Name>System.Void CameraFollow::LateUpdate()</Name>
              <FileRef uid="3" />
              <SequencePoints>
                <SequencePoint vc="0" uspid="40" ordinal="0" offset="0" sl="11" sc="0" el="11" ec="0" bec="0" bev="0" fileid="3" />
                <SequencePoint vc="0" uspid="41" ordinal="0" offset="1" sl="12" sc="0" el="12" ec="0" bec="0" bev="0" fileid="3" />
                <SequencePoint vc="0" uspid="42" ordinal="0" offset="40" sl="13" sc="0" el="13" ec="0" bec="0" bev="0" fileid="3" />
                <SequencePoint vc="0" uspid="43" ordinal="0" offset="81" sl="14" sc="0" el="14" ec="0" bec="0" bev="0" fileid="3" />
                <SequencePoint vc="0" uspid="44" ordinal="0" offset="115" sl="15" sc="0" el="15" ec="0" bec="0" bev="0" fileid="3" />
              </SequencePoints>
              <BranchPoints />
            </Method>
          </Methods>
        </Class>
        <Class>
          <Summary numSequencePoints="21" visitedSequencePoints="0" numBranchPoints="0" visitedBranchPoints="0" sequenceCoverage="0.0" branchCoverage="0.0" maxCyclomaticComplexity="0" minCyclomaticComplexity="0" maxCrapScore="0" minCrapScore="0" visitedClasses="0" numClasses="1" visitedMethods="0" numMethods="3" />
          <FullName>CameraPivotController</FullName>
          <Methods>
            <Method visited="false" cyclomaticComplexity="0" nPathComplexity="0" sequenceCoverage="0.0" branchCoverage="0" crapScore="0" isConstructor="false" isStatic="false" isGetter="false" isSetter="false">
              <Summary numSequencePoints="4" visitedSequencePoints="0" numBranchPoints="0" visitedBranchPoints="0" sequenceCoverage="0.0" branchCoverage="0" maxCyclomaticComplexity="0" minCyclomaticComplexity="0" maxCrapScore="0" minCrapScore="0" visitedClasses="0" numClasses="0" visitedMethods="0" numMethods="1" />
              <MetadataToken>100663304</MetadataToken>
              <Name>System.Void CameraPivotController::Start()</Name>
              <FileRef uid="4" />
              <SequencePoints>
                <SequencePoint vc="0" uspid="45" ordinal="0" offset="0" sl="14" sc="0" el="14" ec="0" bec="0" bev="0" fileid="4" />
                <SequencePoint vc="0" uspid="46" ordinal="0" offset="1" sl="15" sc="0" el="15" ec="0" bec="0" bev="0" fileid="4" />
                <SequencePoint vc="0" uspid="47" ordinal="0" offset="23" sl="16" sc="0" el="16" ec="0" bec="0" bev="0" fileid="4" />
                <SequencePoint vc="0" uspid="48" ordinal="0" offset="45" sl="17" sc="0" el="17" ec="0" bec="0" bev="0" fileid="4" />
              </SequencePoints>
              <BranchPoints />
            </Method>
            <Method visited="false" cyclomaticComplexity="0" nPathComplexity="0" sequenceCoverage="0.0" branchCoverage="0" crapScore="0" isConstructor="false" isStatic="false" isGetter="false" isSetter="false">
              <Summary numSequencePoints="12" visitedSequencePoints="0" numBranchPoints="0" visitedBranchPoints="0" sequenceCoverage="0.0" branchCoverage="0" maxCyclomaticComplexity="0" minCyclomaticComplexity="0" maxCrapScore="0" minCrapScore="0" visitedClasses="0" numClasses="0" visitedMethods="0" numMethods="1" />
              <MetadataToken>100663305</MetadataToken>
              <Name>System.Void CameraPivotController::LateUpdate()</Name>
              <FileRef uid="4" />
              <SequencePoints>
                <SequencePoint vc="0" uspid="49" ordinal="0" offset="0" sl="20" sc="0" el="20" ec="0" bec="0" bev="0" fileid="4" />
                <SequencePoint vc="0" uspid="50" ordinal="0" offset="1" sl="21" sc="0" el="21" ec="0" bec="0" bev="0" fileid="4" />
                <SequencePoint vc="0" uspid="51" ordinal="0" offset="23" sl="22" sc="0" el="22" ec="0" bec="0" bev="0" fileid="4" />
                <SequencePoint vc="0" uspid="52" ordinal="0" offset="24" sl="23" sc="0" el="23" ec="0" bec="0" bev="0" fileid="4" />
                <SequencePoint vc="0" uspid="53" ordinal="0" offset="42" sl="24" sc="0" el="24" ec="0" bec="0" bev="0" fileid="4" />
                <SequencePoint vc="0" uspid="54" ordinal="0" offset="60" sl="26" sc="0" el="26" ec="0" bec="0" bev="0" fileid="4" />
                <SequencePoint vc="0" uspid="55" ordinal="0" offset="74" sl="27" sc="0" el="27" ec="0" bec="0" bev="0" fileid="4" />
                <SequencePoint vc="0" uspid="56" ordinal="0" offset="88" sl="28" sc="0" el="28" ec="0" bec="0" bev="0" fileid="4" />
                <SequencePoint vc="0" uspid="57" ordinal="0" offset="117" sl="29" sc="0" el="29" ec="0" bec="0" bev="0" fileid="4" />
                <SequencePoint vc="0" uspid="58" ordinal="0" offset="118" sl="31" sc="0" el="31" ec="0" bec="0" bev="0" fileid="4" />
                <SequencePoint vc="0" uspid="59" ordinal="0" offset="141" sl="32" sc="0" el="32" ec="0" bec="0" bev="0" fileid="4" />
                <SequencePoint vc="0" uspid="60" ordinal="0" offset="175" sl="34" sc="0" el="34" ec="0" bec="0" bev="0" fileid="4" />
              </SequencePoints>
              <BranchPoints />
            </Method>
            <Method visited="false" cyclomaticComplexity="0" nPathComplexity="0" sequenceCoverage="0.0" branchCoverage="0" crapScore="0" isConstructor="true" isStatic="false" isGetter="false" isSetter="false">
              <Summary numSequencePoints="5" visitedSequencePoints="0" numBranchPoints="0" visitedBranchPoints="0" sequenceCoverage="0.0" branchCoverage="0" maxCyclomaticComplexity="0" minCyclomaticComplexity="0" maxCrapScore="0" minCrapScore="0" visitedClasses="0" numClasses="0" visitedMethods="0" numMethods="1" />
              <MetadataToken>100663306</MetadataToken>
              <Name>CameraPivotController::CameraPivotController()</Name>
              <FileRef uid="4" />
              <SequencePoints>
                <SequencePoint vc="0" uspid="61" ordinal="0" offset="0" sl="6" sc="0" el="6" ec="0" bec="0" bev="0" fileid="4" />
                <SequencePoint vc="0" uspid="62" ordinal="0" offset="11" sl="7" sc="0" el="7" ec="0" bec="0" bev="0" fileid="4" />
                <SequencePoint vc="0" uspid="63" ordinal="0" offset="22" sl="8" sc="0" el="8" ec="0" bec="0" bev="0" fileid="4" />
                <SequencePoint vc="0" uspid="64" ordinal="0" offset="33" sl="10" sc="0" el="10" ec="0" bec="0" bev="0" fileid="4" />
                <SequencePoint vc="0" uspid="65" ordinal="0" offset="44" sl="11" sc="0" el="11" ec="0" bec="0" bev="0" fileid="4" />
              </SequencePoints>
              <BranchPoints />
            </Method>
          </Methods>
        </Class>
        <Class>
          <Summary numSequencePoints="26" visitedSequencePoints="0" numBranchPoints="0" visitedBranchPoints="0" sequenceCoverage="0.0" branchCoverage="0.0" maxCyclomaticComplexity="0" minCyclomaticComplexity="0" maxCrapScore="0" minCrapScore="0" visitedClasses="0" numClasses="1" visitedMethods="0" numMethods="5" />
          <FullName>Checkpoint</FullName>
          <Methods>
            <Method visited="false" cyclomaticComplexity="0" nPathComplexity="0" sequenceCoverage="0.0" branchCoverage="0" crapScore="0" isConstructor="false" isStatic="false" isGetter="false" isSetter="false">
              <Summary numSequencePoints="4" visitedSequencePoints="0" numBranchPoints="0" visitedBranchPoints="0" sequenceCoverage="0.0" branchCoverage="0" maxCyclomaticComplexity="0" minCyclomaticComplexity="0" maxCrapScore="0" minCrapScore="0" visitedClasses="0" numClasses="0" visitedMethods="0" numMethods="1" />
              <MetadataToken>100663307</MetadataToken>
              <Name>System.Void Checkpoint::Start()</Name>
              <FileRef uid="5" />
              <SequencePoints>
                <SequencePoint vc="0" uspid="66" ordinal="0" offset="0" sl="14" sc="0" el="14" ec="0" bec="0" bev="0" fileid="5" />
                <SequencePoint vc="0" uspid="67" ordinal="0" offset="1" sl="15" sc="0" el="15" ec="0" bec="0" bev="0" fileid="5" />
                <SequencePoint vc="0" uspid="68" ordinal="0" offset="12" sl="16" sc="0" el="16" ec="0" bec="0" bev="0" fileid="5" />
                <SequencePoint vc="0" uspid="69" ordinal="0" offset="25" sl="17" sc="0" el="17" ec="0" bec="0" bev="0" fileid="5" />
              </SequencePoints>
              <BranchPoints />
            </Method>
            <Method visited="false" cyclomaticComplexity="0" nPathComplexity="0" sequenceCoverage="0.0" branchCoverage="0" crapScore="0" isConstructor="false" isStatic="false" isGetter="false" isSetter="false">
              <Summary numSequencePoints="10" visitedSequencePoints="0" numBranchPoints="0" visitedBranchPoints="0" sequenceCoverage="0.0" branchCoverage="0" maxCyclomaticComplexity="0" minCyclomaticComplexity="0" maxCrapScore="0" minCrapScore="0" visitedClasses="0" numClasses="0" visitedMethods="0" numMethods="1" />
              <MetadataToken>100663308</MetadataToken>
              <Name>System.Void Checkpoint::OnTriggerEnter(UnityEngine.Collider)</Name>
              <FileRef uid="5" />
              <SequencePoints>
                <SequencePoint vc="0" uspid="70" ordinal="0" offset="0" sl="20" sc="0" el="20" ec="0" bec="0" bev="0" fileid="5" />
                <SequencePoint vc="0" uspid="71" ordinal="0" offset="1" sl="21" sc="0" el="21" ec="0" bec="0" bev="0" fileid="5" />
                <SequencePoint vc="0" uspid="72" ordinal="0" offset="30" sl="22" sc="0" el="22" ec="0" bec="0" bev="0" fileid="5" />
                <SequencePoint vc="0" uspid="73" ordinal="0" offset="31" sl="23" sc="0" el="23" ec="0" bec="0" bev="0" fileid="5" />
                <SequencePoint vc="0" uspid="74" ordinal="0" offset="43" sl="24" sc="0" el="24" ec="0" bec="0" bev="0" fileid="5" />
                <SequencePoint vc="0" uspid="75" ordinal="0" offset="60" sl="25" sc="0" el="25" ec="0" bec="0" bev="0" fileid="5" />
                <SequencePoint vc="0" uspid="76" ordinal="0" offset="91" sl="26" sc="0" el="26" ec="0" bec="0" bev="0" fileid="5" />
                <SequencePoint vc="0" uspid="77" ordinal="0" offset="98" sl="27" sc="0" el="27" ec="0" bec="0" bev="0" fileid="5" />
                <SequencePoint vc="0" uspid="78" ordinal="0" offset="116" sl="28" sc="0" el="28" ec="0" bec="0" bev="0" fileid="5" />
                <SequencePoint vc="0" uspid="79" ordinal="0" offset="117" sl="29" sc="0" el="29" ec="0" bec="0" bev="0" fileid="5" />
              </SequencePoints>
              <BranchPoints />
            </Method>
            <Method visited="false" cyclomaticComplexity="0" nPathComplexity="0" sequenceCoverage="0.0" branchCoverage="0" crapScore="0" isConstructor="false" isStatic="false" isGetter="false" isSetter="false">
              <Summary numSequencePoints="8" visitedSequencePoints="0" numBranchPoints="0" visitedBranchPoints="0" sequenceCoverage="0.0" branchCoverage="0" maxCyclomaticComplexity="0" minCyclomaticComplexity="0" maxCrapScore="0" minCrapScore="0" visitedClasses="0" numClasses="0" visitedMethods="0" numMethods="1" />
              <MetadataToken>100663309</MetadataToken>
              <Name>System.Void Checkpoint::UsedCheckpoint()</Name>
              <FileRef uid="5" />
              <SequencePoints>
                <SequencePoint vc="0" uspid="80" ordinal="0" offset="0" sl="32" sc="0" el="32" ec="0" bec="0" bev="0" fileid="5" />
                <SequencePoint vc="0" uspid="81" ordinal="0" offset="1" sl="33" sc="0" el="33" ec="0" bec="0" bev="0" fileid="5" />
                <SequencePoint vc="0" uspid="82" ordinal="0" offset="8" sl="34" sc="0" el="34" ec="0" bec="0" bev="0" fileid="5" />
                <SequencePoint vc="0" uspid="83" ordinal="0" offset="15" sl="35" sc="0" el="35" ec="0" bec="0" bev="0" fileid="5" />
                <SequencePoint vc="0" uspid="84" ordinal="0" offset="43" sl="36" sc="0" el="36" ec="0" bec="0" bev="0" fileid="5" />
                <SequencePoint vc="0" uspid="85" ordinal="0" offset="44" sl="37" sc="0" el="37" ec="0" bec="0" bev="0" fileid="5" />
                <SequencePoint vc="0" uspid="86" ordinal="0" offset="57" sl="38" sc="0" el="38" ec="0" bec="0" bev="0" fileid="5" />
                <SequencePoint vc="0" uspid="87" ordinal="0" offset="58" sl="39" sc="0" el="39" ec="0" bec="0" bev="0" fileid="5" />
              </SequencePoints>
              <BranchPoints />
            </Method>
            <Method visited="false" cyclomaticComplexity="0" nPathComplexity="0" sequenceCoverage="0.0" branchCoverage="0" crapScore="0" isConstructor="false" isStatic="false" isGetter="false" isSetter="false">
              <Summary numSequencePoints="3" visitedSequencePoints="0" numBranchPoints="0" visitedBranchPoints="0" sequenceCoverage="0.0" branchCoverage="0" maxCyclomaticComplexity="0" minCyclomaticComplexity="0" maxCrapScore="0" minCrapScore="0" visitedClasses="0" numClasses="0" visitedMethods="0" numMethods="1" />
              <MetadataToken>100663310</MetadataToken>
              <Name>System.Void Checkpoint::DisableCheckpoint()</Name>
              <FileRef uid="5" />
              <SequencePoints>
                <SequencePoint vc="0" uspid="88" ordinal="0" offset="0" sl="42" sc="0" el="42" ec="0" bec="0" bev="0" fileid="5" />
                <SequencePoint vc="0" uspid="89" ordinal="0" offset="1" sl="43" sc="0" el="43" ec="0" bec="0" bev="0" fileid="5" />
                <SequencePoint vc="0" uspid="90" ordinal="0" offset="8" sl="44" sc="0" el="44" ec="0" bec="0" bev="0" fileid="5" />
              </SequencePoints>
              <BranchPoints />
            </Method>
            <Method visited="false" cyclomaticComplexity="0" nPathComplexity="0" sequenceCoverage="0.0" branchCoverage="0" crapScore="0" isConstructor="true" isStatic="false" isGetter="false" isSetter="false">
              <Summary numSequencePoints="1" visitedSequencePoints="0" numBranchPoints="0" visitedBranchPoints="0" sequenceCoverage="0.0" branchCoverage="0" maxCyclomaticComplexity="0" minCyclomaticComplexity="0" maxCrapScore="0" minCrapScore="0" visitedClasses="0" numClasses="0" visitedMethods="0" numMethods="1" />
              <MetadataToken>100663311</MetadataToken>
              <Name>Checkpoint::Checkpoint()</Name>
              <FileRef uid="5" />
              <SequencePoints>
                <SequencePoint vc="0" uspid="91" ordinal="0" offset="0" sl="10" sc="0" el="10" ec="0" bec="0" bev="0" fileid="5" />
              </SequencePoints>
              <BranchPoints />
            </Method>
          </Methods>
        </Class>
        <Class>
          <Summary numSequencePoints="19" visitedSequencePoints="0" numBranchPoints="0" visitedBranchPoints="0" sequenceCoverage="0.0" branchCoverage="0.0" maxCyclomaticComplexity="0" minCyclomaticComplexity="0" maxCrapScore="0" minCrapScore="0" visitedClasses="0" numClasses="1" visitedMethods="0" numMethods="5" />
          <FullName>CheckpointManager</FullName>
          <Methods>
            <Method visited="false" cyclomaticComplexity="0" nPathComplexity="0" sequenceCoverage="0.0" branchCoverage="0" crapScore="0" isConstructor="false" isStatic="true" isGetter="true" isSetter="false">
              <Summary numSequencePoints="1" visitedSequencePoints="0" numBranchPoints="0" visitedBranchPoints="0" sequenceCoverage="0.0" branchCoverage="0" maxCyclomaticComplexity="0" minCyclomaticComplexity="0" maxCrapScore="0" minCrapScore="0" visitedClasses="0" numClasses="0" visitedMethods="0" numMethods="1" />
              <MetadataToken>100663312</MetadataToken>
              <Name>static CheckpointManager CheckpointManager::get_Instance()</Name>
              <FileRef uid="6" />
              <SequencePoints>
                <SequencePoint vc="0" uspid="92" ordinal="0" offset="0" sl="7" sc="0" el="7" ec="0" bec="0" bev="0" fileid="6" />
              </SequencePoints>
              <BranchPoints />
            </Method>
            <Method visited="false" cyclomaticComplexity="0" nPathComplexity="0" sequenceCoverage="0.0" branchCoverage="0" crapScore="0" isConstructor="false" isStatic="true" isGetter="false" isSetter="true">
              <Summary numSequencePoints="1" visitedSequencePoints="0" numBranchPoints="0" visitedBranchPoints="0" sequenceCoverage="0.0" branchCoverage="0" maxCyclomaticComplexity="0" minCyclomaticComplexity="0" maxCrapScore="0" minCrapScore="0" visitedClasses="0" numClasses="0" visitedMethods="0" numMethods="1" />
              <MetadataToken>100663313</MetadataToken>
              <Name>static System.Void CheckpointManager::set_Instance(CheckpointManager)</Name>
              <FileRef uid="6" />
              <SequencePoints>
                <SequencePoint vc="0" uspid="93" ordinal="0" offset="0" sl="7" sc="0" el="7" ec="0" bec="0" bev="0" fileid="6" />
              </SequencePoints>
              <BranchPoints />
            </Method>
            <Method visited="false" cyclomaticComplexity="0" nPathComplexity="0" sequenceCoverage="0.0" branchCoverage="0" crapScore="0" isConstructor="false" isStatic="false" isGetter="false" isSetter="false">
              <Summary numSequencePoints="3" visitedSequencePoints="0" numBranchPoints="0" visitedBranchPoints="0" sequenceCoverage="0.0" branchCoverage="0" maxCyclomaticComplexity="0" minCyclomaticComplexity="0" maxCrapScore="0" minCrapScore="0" visitedClasses="0" numClasses="0" visitedMethods="0" numMethods="1" />
              <MetadataToken>100663314</MetadataToken>
              <Name>System.Void CheckpointManager::RegisterCheckpoint(Checkpoint)</Name>
              <FileRef uid="6" />
              <SequencePoints>
                <SequencePoint vc="0" uspid="94" ordinal="0" offset="0" sl="12" sc="0" el="12" ec="0" bec="0" bev="0" fileid="6" />
                <SequencePoint vc="0" uspid="95" ordinal="0" offset="1" sl="13" sc="0" el="13" ec="0" bec="0" bev="0" fileid="6" />
                <SequencePoint vc="0" uspid="96" ordinal="0" offset="14" sl="14" sc="0" el="14" ec="0" bec="0" bev="0" fileid="6" />
              </SequencePoints>
              <BranchPoints />
            </Method>
            <Method visited="false" cyclomaticComplexity="0" nPathComplexity="0" sequenceCoverage="0.0" branchCoverage="0" crapScore="0" isConstructor="false" isStatic="false" isGetter="false" isSetter="false">
              <Summary numSequencePoints="13" visitedSequencePoints="0" numBranchPoints="0" visitedBranchPoints="0" sequenceCoverage="0.0" branchCoverage="0" maxCyclomaticComplexity="0" minCyclomaticComplexity="0" maxCrapScore="0" minCrapScore="0" visitedClasses="0" numClasses="0" visitedMethods="0" numMethods="1" />
              <MetadataToken>100663315</MetadataToken>
              <Name>System.Void CheckpointManager::DisablePreviousCheckpoints(System.Int32)</Name>
              <FileRef uid="6" />
              <SequencePoints>
                <SequencePoint vc="0" uspid="97" ordinal="0" offset="0" sl="17" sc="0" el="17" ec="0" bec="0" bev="0" fileid="6" />
                <SequencePoint vc="0" uspid="98" ordinal="0" offset="1" sl="18" sc="0" el="18" ec="0" bec="0" bev="0" fileid="6" />
                <SequencePoint vc="0" uspid="99" ordinal="0" offset="13" sl="19" sc="0" el="19" ec="0" bec="0" bev="0" fileid="6" />
                <SequencePoint vc="0" uspid="100" ordinal="0" offset="14" sl="19" sc="0" el="19" ec="0" bec="0" bev="0" fileid="6" />
                <SequencePoint vc="0" uspid="101" ordinal="0" offset="28" sl="19" sc="0" el="19" ec="0" bec="0" bev="0" fileid="6" />
                <SequencePoint vc="0" uspid="102" ordinal="0" offset="36" sl="20" sc="0" el="20" ec="0" bec="0" bev="0" fileid="6" />
                <SequencePoint vc="0" uspid="103" ordinal="0" offset="37" sl="21" sc="0" el="21" ec="0" bec="0" bev="0" fileid="6" />
                <SequencePoint vc="0" uspid="104" ordinal="0" offset="50" sl="22" sc="0" el="22" ec="0" bec="0" bev="0" fileid="6" />
                <SequencePoint vc="0" uspid="105" ordinal="0" offset="51" sl="23" sc="0" el="23" ec="0" bec="0" bev="0" fileid="6" />
                <SequencePoint vc="0" uspid="106" ordinal="0" offset="58" sl="24" sc="0" el="24" ec="0" bec="0" bev="0" fileid="6" />
                <SequencePoint vc="0" uspid="107" ordinal="0" offset="59" sl="25" sc="0" el="25" ec="0" bec="0" bev="0" fileid="6" />
                <SequencePoint vc="0" uspid="108" ordinal="0" offset="60" sl="19" sc="0" el="19" ec="0" bec="0" bev="0" fileid="6" />
                <SequencePoint vc="0" uspid="109" ordinal="0" offset="86" sl="26" sc="0" el="26" ec="0" bec="0" bev="0" fileid="6" />
              </SequencePoints>
              <BranchPoints />
            </Method>
            <Method visited="false" cyclomaticComplexity="0" nPathComplexity="0" sequenceCoverage="0.0" branchCoverage="0" crapScore="0" isConstructor="true" isStatic="false" isGetter="false" isSetter="false">
              <Summary numSequencePoints="1" visitedSequencePoints="0" numBranchPoints="0" visitedBranchPoints="0" sequenceCoverage="0.0" branchCoverage="0" maxCyclomaticComplexity="0" minCyclomaticComplexity="0" maxCrapScore="0" minCrapScore="0" visitedClasses="0" numClasses="0" visitedMethods="0" numMethods="1" />
              <MetadataToken>100663316</MetadataToken>
              <Name>CheckpointManager::CheckpointManager()</Name>
              <FileRef uid="6" />
              <SequencePoints>
                <SequencePoint vc="0" uspid="110" ordinal="0" offset="0" sl="9" sc="0" el="9" ec="0" bec="0" bev="0" fileid="6" />
              </SequencePoints>
              <BranchPoints />
            </Method>
          </Methods>
        </Class>
        <Class>
          <Summary numSequencePoints="280" visitedSequencePoints="0" numBranchPoints="0" visitedBranchPoints="0" sequenceCoverage="0.0" branchCoverage="0.0" maxCyclomaticComplexity="0" minCyclomaticComplexity="0" maxCrapScore="0" minCrapScore="0" visitedClasses="0" numClasses="1" visitedMethods="0" numMethods="18" />
          <FullName>NewPlayerControl</FullName>
          <Methods>
            <Method visited="false" cyclomaticComplexity="0" nPathComplexity="0" sequenceCoverage="0.0" branchCoverage="0" crapScore="0" isConstructor="false" isStatic="false" isGetter="true" isSetter="false">
              <Summary numSequencePoints="1" visitedSequencePoints="0" numBranchPoints="0" visitedBranchPoints="0" sequenceCoverage="0.0" branchCoverage="0" maxCyclomaticComplexity="0" minCyclomaticComplexity="0" maxCrapScore="0" minCrapScore="0" visitedClasses="0" numClasses="0" visitedMethods="0" numMethods="1" />
              <MetadataToken>100663317</MetadataToken>
              <Name>UnityEngine.Vector3 NewPlayerControl::get_LastPlayerInputDirection()</Name>
              <FileRef uid="7" />
              <SequencePoints>
                <SequencePoint vc="0" uspid="111" ordinal="0" offset="0" sl="71" sc="0" el="71" ec="0" bec="0" bev="0" fileid="7" />
              </SequencePoints>
              <BranchPoints />
            </Method>
            <Method visited="false" cyclomaticComplexity="0" nPathComplexity="0" sequenceCoverage="0.0" branchCoverage="0" crapScore="0" isConstructor="false" isStatic="false" isGetter="false" isSetter="true">
              <Summary numSequencePoints="1" visitedSequencePoints="0" numBranchPoints="0" visitedBranchPoints="0" sequenceCoverage="0.0" branchCoverage="0" maxCyclomaticComplexity="0" minCyclomaticComplexity="0" maxCrapScore="0" minCrapScore="0" visitedClasses="0" numClasses="0" visitedMethods="0" numMethods="1" />
              <MetadataToken>100663318</MetadataToken>
              <Name>System.Void NewPlayerControl::set_LastPlayerInputDirection(UnityEngine.Vector3)</Name>
              <FileRef uid="7" />
              <SequencePoints>
                <SequencePoint vc="0" uspid="112" ordinal="0" offset="0" sl="71" sc="0" el="71" ec="0" bec="0" bev="0" fileid="7" />
              </SequencePoints>
              <BranchPoints />
            </Method>
            <Method visited="false" cyclomaticComplexity="0" nPathComplexity="0" sequenceCoverage="0.0" branchCoverage="0" crapScore="0" isConstructor="false" isStatic="false" isGetter="false" isSetter="false">
              <Summary numSequencePoints="57" visitedSequencePoints="0" numBranchPoints="0" visitedBranchPoints="0" sequenceCoverage="0.0" branchCoverage="0" maxCyclomaticComplexity="0" minCyclomaticComplexity="0" maxCrapScore="0" minCrapScore="0" visitedClasses="0" numClasses="0" visitedMethods="0" numMethods="1" />
              <MetadataToken>100663319</MetadataToken>
              <Name>System.Void NewPlayerControl::Start()</Name>
              <FileRef uid="7" />
              <SequencePoints>
                <SequencePoint vc="0" uspid="113" ordinal="0" offset="0" sl="91" sc="0" el="91" ec="0" bec="0" bev="0" fileid="7" />
                <SequencePoint vc="0" uspid="114" ordinal="0" offset="1" sl="92" sc="0" el="92" ec="0" bec="0" bev="0" fileid="7" />
                <SequencePoint vc="0" uspid="115" ordinal="0" offset="8" sl="94" sc="0" el="94" ec="0" bec="0" bev="0" fileid="7" />
                <SequencePoint vc="0" uspid="116" ordinal="0" offset="20" sl="95" sc="0" el="95" ec="0" bec="0" bev="0" fileid="7" />
                <SequencePoint vc="0" uspid="117" ordinal="0" offset="32" sl="96" sc="0" el="96" ec="0" bec="0" bev="0" fileid="7" />
                <SequencePoint vc="0" uspid="118" ordinal="0" offset="44" sl="98" sc="0" el="98" ec="0" bec="0" bev="0" fileid="7" />
                <SequencePoint vc="0" uspid="119" ordinal="0" offset="60" sl="98" sc="0" el="98" ec="0" bec="0" bev="0" fileid="7" />
                <SequencePoint vc="0" uspid="120" ordinal="0" offset="61" sl="98" sc="0" el="98" ec="0" bec="0" bev="0" fileid="7" />
                <SequencePoint vc="0" uspid="121" ordinal="0" offset="72" sl="98" sc="0" el="98" ec="0" bec="0" bev="0" fileid="7" />
                <SequencePoint vc="0" uspid="122" ordinal="0" offset="80" sl="98" sc="0" el="98" ec="0" bec="0" bev="0" fileid="7" />
                <SequencePoint vc="0" uspid="123" ordinal="0" offset="85" sl="99" sc="0" el="99" ec="0" bec="0" bev="0" fileid="7" />
                <SequencePoint vc="0" uspid="124" ordinal="0" offset="101" sl="99" sc="0" el="99" ec="0" bec="0" bev="0" fileid="7" />
                <SequencePoint vc="0" uspid="125" ordinal="0" offset="102" sl="99" sc="0" el="99" ec="0" bec="0" bev="0" fileid="7" />
                <SequencePoint vc="0" uspid="126" ordinal="0" offset="113" sl="99" sc="0" el="99" ec="0" bec="0" bev="0" fileid="7" />
                <SequencePoint vc="0" uspid="127" ordinal="0" offset="121" sl="99" sc="0" el="99" ec="0" bec="0" bev="0" fileid="7" />
                <SequencePoint vc="0" uspid="128" ordinal="0" offset="126" sl="100" sc="0" el="100" ec="0" bec="0" bev="0" fileid="7" />
                <SequencePoint vc="0" uspid="129" ordinal="0" offset="142" sl="100" sc="0" el="100" ec="0" bec="0" bev="0" fileid="7" />
                <SequencePoint vc="0" uspid="130" ordinal="0" offset="143" sl="100" sc="0" el="100" ec="0" bec="0" bev="0" fileid="7" />
                <SequencePoint vc="0" uspid="131" ordinal="0" offset="154" sl="100" sc="0" el="100" ec="0" bec="0" bev="0" fileid="7" />
                <SequencePoint vc="0" uspid="132" ordinal="0" offset="155" sl="101" sc="0" el="101" ec="0" bec="0" bev="0" fileid="7" />
                <SequencePoint vc="0" uspid="133" ordinal="0" offset="171" sl="101" sc="0" el="101" ec="0" bec="0" bev="0" fileid="7" />
                <SequencePoint vc="0" uspid="134" ordinal="0" offset="172" sl="101" sc="0" el="101" ec="0" bec="0" bev="0" fileid="7" />
                <SequencePoint vc="0" uspid="135" ordinal="0" offset="183" sl="101" sc="0" el="101" ec="0" bec="0" bev="0" fileid="7" />
                <SequencePoint vc="0" uspid="136" ordinal="0" offset="191" sl="101" sc="0" el="101" ec="0" bec="0" bev="0" fileid="7" />
                <SequencePoint vc="0" uspid="137" ordinal="0" offset="196" sl="102" sc="0" el="102" ec="0" bec="0" bev="0" fileid="7" />
                <SequencePoint vc="0" uspid="138" ordinal="0" offset="214" sl="103" sc="0" el="103" ec="0" bec="0" bev="0" fileid="7" />
                <SequencePoint vc="0" uspid="139" ordinal="0" offset="215" sl="104" sc="0" el="104" ec="0" bec="0" bev="0" fileid="7" />
                <SequencePoint vc="0" uspid="140" ordinal="0" offset="227" sl="105" sc="0" el="105" ec="0" bec="0" bev="0" fileid="7" />
                <SequencePoint vc="0" uspid="141" ordinal="0" offset="241" sl="106" sc="0" el="106" ec="0" bec="0" bev="0" fileid="7" />
                <SequencePoint vc="0" uspid="142" ordinal="0" offset="242" sl="107" sc="0" el="107" ec="0" bec="0" bev="0" fileid="7" />
                <SequencePoint vc="0" uspid="143" ordinal="0" offset="255" sl="108" sc="0" el="108" ec="0" bec="0" bev="0" fileid="7" />
                <SequencePoint vc="0" uspid="144" ordinal="0" offset="258" sl="110" sc="0" el="110" ec="0" bec="0" bev="0" fileid="7" />
                <SequencePoint vc="0" uspid="145" ordinal="0" offset="259" sl="111" sc="0" el="111" ec="0" bec="0" bev="0" fileid="7" />
                <SequencePoint vc="0" uspid="146" ordinal="0" offset="271" sl="112" sc="0" el="112" ec="0" bec="0" bev="0" fileid="7" />
                <SequencePoint vc="0" uspid="147" ordinal="0" offset="279" sl="113" sc="0" el="113" ec="0" bec="0" bev="0" fileid="7" />
                <SequencePoint vc="0" uspid="148" ordinal="0" offset="284" sl="115" sc="0" el="115" ec="0" bec="0" bev="0" fileid="7" />
                <SequencePoint vc="0" uspid="149" ordinal="0" offset="285" sl="117" sc="0" el="117" ec="0" bec="0" bev="0" fileid="7" />
                <SequencePoint vc="0" uspid="150" ordinal="0" offset="305" sl="117" sc="0" el="117" ec="0" bec="0" bev="0" fileid="7" />
                <SequencePoint vc="0" uspid="151" ordinal="0" offset="306" sl="117" sc="0" el="117" ec="0" bec="0" bev="0" fileid="7" />
                <SequencePoint vc="0" uspid="152" ordinal="0" offset="317" sl="117" sc="0" el="117" ec="0" bec="0" bev="0" fileid="7" />
                <SequencePoint vc="0" uspid="153" ordinal="0" offset="318" sl="119" sc="0" el="119" ec="0" bec="0" bev="0" fileid="7" />
                <SequencePoint vc="0" uspid="154" ordinal="0" offset="336" sl="120" sc="0" el="120" ec="0" bec="0" bev="0" fileid="7" />
                <SequencePoint vc="0" uspid="155" ordinal="0" offset="348" sl="121" sc="0" el="121" ec="0" bec="0" bev="0" fileid="7" />
                <SequencePoint vc="0" uspid="156" ordinal="0" offset="360" sl="122" sc="0" el="122" ec="0" bec="0" bev="0" fileid="7" />
                <SequencePoint vc="0" uspid="157" ordinal="0" offset="378" sl="123" sc="0" el="123" ec="0" bec="0" bev="0" fileid="7" />
                <SequencePoint vc="0" uspid="158" ordinal="0" offset="396" sl="125" sc="0" el="125" ec="0" bec="0" bev="0" fileid="7" />
                <SequencePoint vc="0" uspid="159" ordinal="0" offset="414" sl="125" sc="0" el="125" ec="0" bec="0" bev="0" fileid="7" />
                <SequencePoint vc="0" uspid="160" ordinal="0" offset="415" sl="125" sc="0" el="125" ec="0" bec="0" bev="0" fileid="7" />
                <SequencePoint vc="0" uspid="161" ordinal="0" offset="433" sl="125" sc="0" el="125" ec="0" bec="0" bev="0" fileid="7" />
                <SequencePoint vc="0" uspid="162" ordinal="0" offset="434" sl="126" sc="0" el="126" ec="0" bec="0" bev="0" fileid="7" />
                <SequencePoint vc="0" uspid="163" ordinal="0" offset="447" sl="128" sc="0" el="128" ec="0" bec="0" bev="0" fileid="7" />
                <SequencePoint vc="0" uspid="164" ordinal="0" offset="476" sl="128" sc="0" el="128" ec="0" bec="0" bev="0" fileid="7" />
                <SequencePoint vc="0" uspid="165" ordinal="0" offset="477" sl="128" sc="0" el="128" ec="0" bec="0" bev="0" fileid="7" />
                <SequencePoint vc="0" uspid="166" ordinal="0" offset="490" sl="128" sc="0" el="128" ec="0" bec="0" bev="0" fileid="7" />
                <SequencePoint vc="0" uspid="167" ordinal="0" offset="491" sl="130" sc="0" el="130" ec="0" bec="0" bev="0" fileid="7" />
                <SequencePoint vc="0" uspid="168" ordinal="0" offset="498" sl="132" sc="0" el="132" ec="0" bec="0" bev="0" fileid="7" />
                <SequencePoint vc="0" uspid="169" ordinal="0" offset="511" sl="133" sc="0" el="133" ec="0" bec="0" bev="0" fileid="7" />
              </SequencePoints>
              <BranchPoints />
            </Method>
            <Method visited="false" cyclomaticComplexity="0" nPathComplexity="0" sequenceCoverage="0.0" branchCoverage="0" crapScore="0" isConstructor="false" isStatic="false" isGetter="false" isSetter="false">
              <Summary numSequencePoints="13" visitedSequencePoints="0" numBranchPoints="0" visitedBranchPoints="0" sequenceCoverage="0.0" branchCoverage="0" maxCyclomaticComplexity="0" minCyclomaticComplexity="0" maxCrapScore="0" minCrapScore="0" visitedClasses="0" numClasses="0" visitedMethods="0" numMethods="1" />
              <MetadataToken>100663320</MetadataToken>
              <Name>System.Void NewPlayerControl::SetupAudioSources()</Name>
              <FileRef uid="7" />
              <SequencePoints>
                <SequencePoint vc="0" uspid="170" ordinal="0" offset="0" sl="136" sc="0" el="136" ec="0" bec="0" bev="0" fileid="7" />
                <SequencePoint vc="0" uspid="171" ordinal="0" offset="1" sl="137" sc="0" el="137" ec="0" bec="0" bev="0" fileid="7" />
                <SequencePoint vc="0" uspid="172" ordinal="0" offset="18" sl="138" sc="0" el="138" ec="0" bec="0" bev="0" fileid="7" />
                <SequencePoint vc="0" uspid="173" ordinal="0" offset="31" sl="139" sc="0" el="139" ec="0" bec="0" bev="0" fileid="7" />
                <SequencePoint vc="0" uspid="174" ordinal="0" offset="48" sl="141" sc="0" el="141" ec="0" bec="0" bev="0" fileid="7" />
                <SequencePoint vc="0" uspid="175" ordinal="0" offset="65" sl="142" sc="0" el="142" ec="0" bec="0" bev="0" fileid="7" />
                <SequencePoint vc="0" uspid="176" ordinal="0" offset="81" sl="143" sc="0" el="143" ec="0" bec="0" bev="0" fileid="7" />
                <SequencePoint vc="0" uspid="177" ordinal="0" offset="82" sl="144" sc="0" el="144" ec="0" bec="0" bev="0" fileid="7" />
                <SequencePoint vc="0" uspid="178" ordinal="0" offset="100" sl="145" sc="0" el="145" ec="0" bec="0" bev="0" fileid="7" />
                <SequencePoint vc="0" uspid="179" ordinal="0" offset="113" sl="146" sc="0" el="146" ec="0" bec="0" bev="0" fileid="7" />
                <SequencePoint vc="0" uspid="180" ordinal="0" offset="125" sl="147" sc="0" el="147" ec="0" bec="0" bev="0" fileid="7" />
                <SequencePoint vc="0" uspid="181" ordinal="0" offset="126" sl="148" sc="0" el="148" ec="0" bec="0" bev="0" fileid="7" />
                <SequencePoint vc="0" uspid="182" ordinal="0" offset="143" sl="149" sc="0" el="149" ec="0" bec="0" bev="0" fileid="7" />
              </SequencePoints>
              <BranchPoints />
            </Method>
            <Method visited="false" cyclomaticComplexity="0" nPathComplexity="0" sequenceCoverage="0.0" branchCoverage="0" crapScore="0" isConstructor="false" isStatic="false" isGetter="false" isSetter="false">
              <Summary numSequencePoints="6" visitedSequencePoints="0" numBranchPoints="0" visitedBranchPoints="0" sequenceCoverage="0.0" branchCoverage="0" maxCyclomaticComplexity="0" minCyclomaticComplexity="0" maxCrapScore="0" minCrapScore="0" visitedClasses="0" numClasses="0" visitedMethods="0" numMethods="1" />
              <MetadataToken>100663321</MetadataToken>
              <Name>UnityEngine.Vector3 NewPlayerControl::GetInitialInputDirection()</Name>
              <FileRef uid="7" />
              <SequencePoints>
                <SequencePoint vc="0" uspid="183" ordinal="0" offset="0" sl="152" sc="0" el="152" ec="0" bec="0" bev="0" fileid="7" />
                <SequencePoint vc="0" uspid="184" ordinal="0" offset="1" sl="153" sc="0" el="153" ec="0" bec="0" bev="0" fileid="7" />
                <SequencePoint vc="0" uspid="185" ordinal="0" offset="17" sl="153" sc="0" el="153" ec="0" bec="0" bev="0" fileid="7" />
                <SequencePoint vc="0" uspid="186" ordinal="0" offset="25" sl="154" sc="0" el="154" ec="0" bec="0" bev="0" fileid="7" />
                <SequencePoint vc="0" uspid="187" ordinal="0" offset="70" sl="155" sc="0" el="155" ec="0" bec="0" bev="0" fileid="7" />
                <SequencePoint vc="0" uspid="188" ordinal="0" offset="94" sl="156" sc="0" el="156" ec="0" bec="0" bev="0" fileid="7" />
              </SequencePoints>
              <BranchPoints />
            </Method>
            <Method visited="false" cyclomaticComplexity="0" nPathComplexity="0" sequenceCoverage="0.0" branchCoverage="0" crapScore="0" isConstructor="false" isStatic="false" isGetter="false" isSetter="false">
              <Summary numSequencePoints="23" visitedSequencePoints="0" numBranchPoints="0" visitedBranchPoints="0" sequenceCoverage="0.0" branchCoverage="0" maxCyclomaticComplexity="0" minCyclomaticComplexity="0" maxCrapScore="0" minCrapScore="0" visitedClasses="0" numClasses="0" visitedMethods="0" numMethods="1" />
              <MetadataToken>100663322</MetadataToken>
              <Name>System.Void NewPlayerControl::Update()</Name>
              <FileRef uid="7" />
              <SequencePoints>
                <SequencePoint vc="0" uspid="189" ordinal="0" offset="0" sl="159" sc="0" el="159" ec="0" bec="0" bev="0" fileid="7" />
                <SequencePoint vc="0" uspid="190" ordinal="0" offset="1" sl="160" sc="0" el="160" ec="0" bec="0" bev="0" fileid="7" />
                <SequencePoint vc="0" uspid="191" ordinal="0" offset="42" sl="161" sc="0" el="161" ec="0" bec="0" bev="0" fileid="7" />
                <SequencePoint vc="0" uspid="192" ordinal="0" offset="43" sl="162" sc="0" el="162" ec="0" bec="0" bev="0" fileid="7" />
                <SequencePoint vc="0" uspid="193" ordinal="0" offset="50" sl="163" sc="0" el="163" ec="0" bec="0" bev="0" fileid="7" />
                <SequencePoint vc="0" uspid="194" ordinal="0" offset="51" sl="165" sc="0" el="165" ec="0" bec="0" bev="0" fileid="7" />
                <SequencePoint vc="0" uspid="195" ordinal="0" offset="89" sl="166" sc="0" el="166" ec="0" bec="0" bev="0" fileid="7" />
                <SequencePoint vc="0" uspid="196" ordinal="0" offset="90" sl="167" sc="0" el="167" ec="0" bec="0" bev="0" fileid="7" />
                <SequencePoint vc="0" uspid="197" ordinal="0" offset="108" sl="168" sc="0" el="168" ec="0" bec="0" bev="0" fileid="7" />
                <SequencePoint vc="0" uspid="198" ordinal="0" offset="111" sl="170" sc="0" el="170" ec="0" bec="0" bev="0" fileid="7" />
                <SequencePoint vc="0" uspid="199" ordinal="0" offset="112" sl="171" sc="0" el="171" ec="0" bec="0" bev="0" fileid="7" />
                <SequencePoint vc="0" uspid="200" ordinal="0" offset="123" sl="172" sc="0" el="172" ec="0" bec="0" bev="0" fileid="7" />
                <SequencePoint vc="0" uspid="201" ordinal="0" offset="124" sl="175" sc="0" el="175" ec="0" bec="0" bev="0" fileid="7" />
                <SequencePoint vc="0" uspid="202" ordinal="0" offset="134" sl="176" sc="0" el="176" ec="0" bec="0" bev="0" fileid="7" />
                <SequencePoint vc="0" uspid="203" ordinal="0" offset="135" sl="177" sc="0" el="177" ec="0" bec="0" bev="0" fileid="7" />
                <SequencePoint vc="0" uspid="204" ordinal="0" offset="151" sl="178" sc="0" el="178" ec="0" bec="0" bev="0" fileid="7" />
                <SequencePoint vc="0" uspid="205" ordinal="0" offset="159" sl="179" sc="0" el="179" ec="0" bec="0" bev="0" fileid="7" />
                <SequencePoint vc="0" uspid="206" ordinal="0" offset="183" sl="180" sc="0" el="180" ec="0" bec="0" bev="0" fileid="7" />
                <SequencePoint vc="0" uspid="207" ordinal="0" offset="184" sl="181" sc="0" el="181" ec="0" bec="0" bev="0" fileid="7" />
                <SequencePoint vc="0" uspid="208" ordinal="0" offset="190" sl="182" sc="0" el="182" ec="0" bec="0" bev="0" fileid="7" />
                <SequencePoint vc="0" uspid="209" ordinal="0" offset="191" sl="183" sc="0" el="183" ec="0" bec="0" bev="0" fileid="7" />
                <SequencePoint vc="0" uspid="210" ordinal="0" offset="192" sl="185" sc="0" el="185" ec="0" bec="0" bev="0" fileid="7" />
                <SequencePoint vc="0" uspid="211" ordinal="0" offset="199" sl="186" sc="0" el="186" ec="0" bec="0" bev="0" fileid="7" />
              </SequencePoints>
              <BranchPoints />
            </Method>
            <Method visited="false" cyclomaticComplexity="0" nPathComplexity="0" sequenceCoverage="0.0" branchCoverage="0" crapScore="0" isConstructor="false" isStatic="false" isGetter="false" isSetter="false">
              <Summary numSequencePoints="68" visitedSequencePoints="0" numBranchPoints="0" visitedBranchPoints="0" sequenceCoverage="0.0" branchCoverage="0" maxCyclomaticComplexity="0" minCyclomaticComplexity="0" maxCrapScore="0" minCrapScore="0" visitedClasses="0" numClasses="0" visitedMethods="0" numMethods="1" />
              <MetadataToken>100663323</MetadataToken>
              <Name>System.Void NewPlayerControl::FixedUpdate()</Name>
              <FileRef uid="7" />
              <SequencePoints>
                <SequencePoint vc="0" uspid="212" ordinal="0" offset="0" sl="189" sc="0" el="189" ec="0" bec="0" bev="0" fileid="7" />
                <SequencePoint vc="0" uspid="213" ordinal="0" offset="1" sl="190" sc="0" el="190" ec="0" bec="0" bev="0" fileid="7" />
                <SequencePoint vc="0" uspid="214" ordinal="0" offset="8" sl="192" sc="0" el="192" ec="0" bec="0" bev="0" fileid="7" />
                <SequencePoint vc="0" uspid="215" ordinal="0" offset="20" sl="193" sc="0" el="193" ec="0" bec="0" bev="0" fileid="7" />
                <SequencePoint vc="0" uspid="216" ordinal="0" offset="21" sl="194" sc="0" el="194" ec="0" bec="0" bev="0" fileid="7" />
                <SequencePoint vc="0" uspid="217" ordinal="0" offset="33" sl="195" sc="0" el="195" ec="0" bec="0" bev="0" fileid="7" />
                <SequencePoint vc="0" uspid="218" ordinal="0" offset="36" sl="197" sc="0" el="197" ec="0" bec="0" bev="0" fileid="7" />
                <SequencePoint vc="0" uspid="219" ordinal="0" offset="37" sl="198" sc="0" el="198" ec="0" bec="0" bev="0" fileid="7" />
                <SequencePoint vc="0" uspid="220" ordinal="0" offset="55" sl="199" sc="0" el="199" ec="0" bec="0" bev="0" fileid="7" />
                <SequencePoint vc="0" uspid="221" ordinal="0" offset="56" sl="202" sc="0" el="202" ec="0" bec="0" bev="0" fileid="7" />
                <SequencePoint vc="0" uspid="222" ordinal="0" offset="79" sl="203" sc="0" el="203" ec="0" bec="0" bev="0" fileid="7" />
                <SequencePoint vc="0" uspid="223" ordinal="0" offset="80" sl="205" sc="0" el="205" ec="0" bec="0" bev="0" fileid="7" />
                <SequencePoint vc="0" uspid="224" ordinal="0" offset="102" sl="206" sc="0" el="206" ec="0" bec="0" bev="0" fileid="7" />
                <SequencePoint vc="0" uspid="225" ordinal="0" offset="103" sl="207" sc="0" el="207" ec="0" bec="0" bev="0" fileid="7" />
                <SequencePoint vc="0" uspid="226" ordinal="0" offset="118" sl="208" sc="0" el="208" ec="0" bec="0" bev="0" fileid="7" />
                <SequencePoint vc="0" uspid="227" ordinal="0" offset="119" sl="210" sc="0" el="210" ec="0" bec="0" bev="0" fileid="7" />
                <SequencePoint vc="0" uspid="228" ordinal="0" offset="149" sl="211" sc="0" el="211" ec="0" bec="0" bev="0" fileid="7" />
                <SequencePoint vc="0" uspid="229" ordinal="0" offset="150" sl="212" sc="0" el="212" ec="0" bec="0" bev="0" fileid="7" />
                <SequencePoint vc="0" uspid="230" ordinal="0" offset="172" sl="213" sc="0" el="213" ec="0" bec="0" bev="0" fileid="7" />
                <SequencePoint vc="0" uspid="231" ordinal="0" offset="173" sl="214" sc="0" el="214" ec="0" bec="0" bev="0" fileid="7" />
                <SequencePoint vc="0" uspid="232" ordinal="0" offset="174" sl="216" sc="0" el="216" ec="0" bec="0" bev="0" fileid="7" />
                <SequencePoint vc="0" uspid="233" ordinal="0" offset="186" sl="217" sc="0" el="217" ec="0" bec="0" bev="0" fileid="7" />
                <SequencePoint vc="0" uspid="234" ordinal="0" offset="187" sl="218" sc="0" el="218" ec="0" bec="0" bev="0" fileid="7" />
                <SequencePoint vc="0" uspid="235" ordinal="0" offset="200" sl="219" sc="0" el="219" ec="0" bec="0" bev="0" fileid="7" />
                <SequencePoint vc="0" uspid="236" ordinal="0" offset="201" sl="222" sc="0" el="222" ec="0" bec="0" bev="0" fileid="7" />
                <SequencePoint vc="0" uspid="237" ordinal="0" offset="207" sl="222" sc="0" el="222" ec="0" bec="0" bev="0" fileid="7" />
                <SequencePoint vc="0" uspid="238" ordinal="0" offset="213" sl="223" sc="0" el="223" ec="0" bec="0" bev="0" fileid="7" />
                <SequencePoint vc="0" uspid="239" ordinal="0" offset="225" sl="224" sc="0" el="224" ec="0" bec="0" bev="0" fileid="7" />
                <SequencePoint vc="0" uspid="240" ordinal="0" offset="226" sl="225" sc="0" el="225" ec="0" bec="0" bev="0" fileid="7" />
                <SequencePoint vc="0" uspid="241" ordinal="0" offset="237" sl="226" sc="0" el="226" ec="0" bec="0" bev="0" fileid="7" />
                <SequencePoint vc="0" uspid="242" ordinal="0" offset="248" sl="227" sc="0" el="227" ec="0" bec="0" bev="0" fileid="7" />
                <SequencePoint vc="0" uspid="243" ordinal="0" offset="249" sl="228" sc="0" el="228" ec="0" bec="0" bev="0" fileid="7" />
                <SequencePoint vc="0" uspid="244" ordinal="0" offset="255" sl="229" sc="0" el="229" ec="0" bec="0" bev="0" fileid="7" />
                <SequencePoint vc="0" uspid="245" ordinal="0" offset="261" sl="230" sc="0" el="230" ec="0" bec="0" bev="0" fileid="7" />
                <SequencePoint vc="0" uspid="246" ordinal="0" offset="268" sl="232" sc="0" el="232" ec="0" bec="0" bev="0" fileid="7" />
                <SequencePoint vc="0" uspid="247" ordinal="0" offset="289" sl="233" sc="0" el="233" ec="0" bec="0" bev="0" fileid="7" />
                <SequencePoint vc="0" uspid="248" ordinal="0" offset="290" sl="234" sc="0" el="234" ec="0" bec="0" bev="0" fileid="7" />
                <SequencePoint vc="0" uspid="249" ordinal="0" offset="336" sl="235" sc="0" el="235" ec="0" bec="0" bev="0" fileid="7" />
                <SequencePoint vc="0" uspid="250" ordinal="0" offset="383" sl="236" sc="0" el="236" ec="0" bec="0" bev="0" fileid="7" />
                <SequencePoint vc="0" uspid="251" ordinal="0" offset="404" sl="238" sc="0" el="238" ec="0" bec="0" bev="0" fileid="7" />
                <SequencePoint vc="0" uspid="252" ordinal="0" offset="427" sl="239" sc="0" el="239" ec="0" bec="0" bev="0" fileid="7" />
                <SequencePoint vc="0" uspid="253" ordinal="0" offset="428" sl="240" sc="0" el="240" ec="0" bec="0" bev="0" fileid="7" />
                <SequencePoint vc="0" uspid="254" ordinal="0" offset="442" sl="241" sc="0" el="241" ec="0" bec="0" bev="0" fileid="7" />
                <SequencePoint vc="0" uspid="255" ordinal="0" offset="443" sl="242" sc="0" el="242" ec="0" bec="0" bev="0" fileid="7" />
                <SequencePoint vc="0" uspid="256" ordinal="0" offset="444" sl="244" sc="0" el="244" ec="0" bec="0" bev="0" fileid="7" />
                <SequencePoint vc="0" uspid="257" ordinal="0" offset="457" sl="246" sc="0" el="246" ec="0" bec="0" bev="0" fileid="7" />
                <SequencePoint vc="0" uspid="258" ordinal="0" offset="483" sl="247" sc="0" el="247" ec="0" bec="0" bev="0" fileid="7" />
                <SequencePoint vc="0" uspid="259" ordinal="0" offset="484" sl="248" sc="0" el="248" ec="0" bec="0" bev="0" fileid="7" />
                <SequencePoint vc="0" uspid="260" ordinal="0" offset="492" sl="249" sc="0" el="249" ec="0" bec="0" bev="0" fileid="7" />
                <SequencePoint vc="0" uspid="261" ordinal="0" offset="511" sl="251" sc="0" el="251" ec="0" bec="0" bev="0" fileid="7" />
                <SequencePoint vc="0" uspid="262" ordinal="0" offset="552" sl="252" sc="0" el="252" ec="0" bec="0" bev="0" fileid="7" />
                <SequencePoint vc="0" uspid="263" ordinal="0" offset="553" sl="253" sc="0" el="253" ec="0" bec="0" bev="0" fileid="7" />
                <SequencePoint vc="0" uspid="264" ordinal="0" offset="564" sl="254" sc="0" el="254" ec="0" bec="0" bev="0" fileid="7" />
                <SequencePoint vc="0" uspid="265" ordinal="0" offset="565" sl="256" sc="0" el="256" ec="0" bec="0" bev="0" fileid="7" />
                <SequencePoint vc="0" uspid="266" ordinal="0" offset="605" sl="257" sc="0" el="257" ec="0" bec="0" bev="0" fileid="7" />
                <SequencePoint vc="0" uspid="267" ordinal="0" offset="643" sl="258" sc="0" el="258" ec="0" bec="0" bev="0" fileid="7" />
                <SequencePoint vc="0" uspid="268" ordinal="0" offset="664" sl="259" sc="0" el="259" ec="0" bec="0" bev="0" fileid="7" />
                <SequencePoint vc="0" uspid="269" ordinal="0" offset="665" sl="261" sc="0" el="261" ec="0" bec="0" bev="0" fileid="7" />
                <SequencePoint vc="0" uspid="270" ordinal="0" offset="673" sl="262" sc="0" el="262" ec="0" bec="0" bev="0" fileid="7" />
                <SequencePoint vc="0" uspid="271" ordinal="0" offset="674" sl="263" sc="0" el="263" ec="0" bec="0" bev="0" fileid="7" />
                <SequencePoint vc="0" uspid="272" ordinal="0" offset="692" sl="264" sc="0" el="264" ec="0" bec="0" bev="0" fileid="7" />
                <SequencePoint vc="0" uspid="273" ordinal="0" offset="710" sl="265" sc="0" el="265" ec="0" bec="0" bev="0" fileid="7" />
                <SequencePoint vc="0" uspid="274" ordinal="0" offset="713" sl="267" sc="0" el="267" ec="0" bec="0" bev="0" fileid="7" />
                <SequencePoint vc="0" uspid="275" ordinal="0" offset="714" sl="268" sc="0" el="268" ec="0" bec="0" bev="0" fileid="7" />
                <SequencePoint vc="0" uspid="276" ordinal="0" offset="732" sl="269" sc="0" el="269" ec="0" bec="0" bev="0" fileid="7" />
                <SequencePoint vc="0" uspid="277" ordinal="0" offset="750" sl="270" sc="0" el="270" ec="0" bec="0" bev="0" fileid="7" />
                <SequencePoint vc="0" uspid="278" ordinal="0" offset="751" sl="273" sc="0" el="273" ec="0" bec="0" bev="0" fileid="7" />
                <SequencePoint vc="0" uspid="279" ordinal="0" offset="763" sl="274" sc="0" el="274" ec="0" bec="0" bev="0" fileid="7" />
              </SequencePoints>
              <BranchPoints />
            </Method>
            <Method visited="false" cyclomaticComplexity="0" nPathComplexity="0" sequenceCoverage="0.0" branchCoverage="0" crapScore="0" isConstructor="false" isStatic="false" isGetter="false" isSetter="false">
              <Summary numSequencePoints="6" visitedSequencePoints="0" numBranchPoints="0" visitedBranchPoints="0" sequenceCoverage="0.0" branchCoverage="0" maxCyclomaticComplexity="0" minCyclomaticComplexity="0" maxCrapScore="0" minCrapScore="0" visitedClasses="0" numClasses="0" visitedMethods="0" numMethods="1" />
              <MetadataToken>100663324</MetadataToken>
              <Name>System.Void NewPlayerControl::Jump(System.Single)</Name>
              <FileRef uid="7" />
              <SequencePoints>
                <SequencePoint vc="0" uspid="280" ordinal="0" offset="0" sl="277" sc="0" el="277" ec="0" bec="0" bev="0" fileid="7" />
                <SequencePoint vc="0" uspid="281" ordinal="0" offset="1" sl="278" sc="0" el="278" ec="0" bec="0" bev="0" fileid="7" />
                <SequencePoint vc="0" uspid="282" ordinal="0" offset="25" sl="279" sc="0" el="279" ec="0" bec="0" bev="0" fileid="7" />
                <SequencePoint vc="0" uspid="283" ordinal="0" offset="32" sl="280" sc="0" el="280" ec="0" bec="0" bev="0" fileid="7" />
                <SequencePoint vc="0" uspid="284" ordinal="0" offset="39" sl="281" sc="0" el="281" ec="0" bec="0" bev="0" fileid="7" />
                <SequencePoint vc="0" uspid="285" ordinal="0" offset="50" sl="282" sc="0" el="282" ec="0" bec="0" bev="0" fileid="7" />
              </SequencePoints>
              <BranchPoints />
            </Method>
            <Method visited="false" cyclomaticComplexity="0" nPathComplexity="0" sequenceCoverage="0.0" branchCoverage="0" crapScore="0" isConstructor="false" isStatic="false" isGetter="false" isSetter="false">
              <Summary numSequencePoints="15" visitedSequencePoints="0" numBranchPoints="0" visitedBranchPoints="0" sequenceCoverage="0.0" branchCoverage="0" maxCyclomaticComplexity="0" minCyclomaticComplexity="0" maxCrapScore="0" minCrapScore="0" visitedClasses="0" numClasses="0" visitedMethods="0" numMethods="1" />
              <MetadataToken>100663325</MetadataToken>
              <Name>System.Void NewPlayerControl::OnCollisionEnter(UnityEngine.Collision)</Name>
              <FileRef uid="7" />
              <SequencePoints>
                <SequencePoint vc="0" uspid="286" ordinal="0" offset="0" sl="285" sc="0" el="285" ec="0" bec="0" bev="0" fileid="7" />
                <SequencePoint vc="0" uspid="287" ordinal="0" offset="1" sl="286" sc="0" el="286" ec="0" bec="0" bev="0" fileid="7" />
                <SequencePoint vc="0" uspid="288" ordinal="0" offset="25" sl="287" sc="0" el="287" ec="0" bec="0" bev="0" fileid="7" />
                <SequencePoint vc="0" uspid="289" ordinal="0" offset="26" sl="288" sc="0" el="288" ec="0" bec="0" bev="0" fileid="7" />
                <SequencePoint vc="0" uspid="290" ordinal="0" offset="28" sl="291" sc="0" el="291" ec="0" bec="0" bev="0" fileid="7" />
                <SequencePoint vc="0" uspid="291" ordinal="0" offset="43" sl="292" sc="0" el="292" ec="0" bec="0" bev="0" fileid="7" />
                <SequencePoint vc="0" uspid="292" ordinal="0" offset="58" sl="293" sc="0" el="293" ec="0" bec="0" bev="0" fileid="7" />
                <SequencePoint vc="0" uspid="293" ordinal="0" offset="59" sl="294" sc="0" el="294" ec="0" bec="0" bev="0" fileid="7" />
                <SequencePoint vc="0" uspid="294" ordinal="0" offset="61" sl="297" sc="0" el="297" ec="0" bec="0" bev="0" fileid="7" />
                <SequencePoint vc="0" uspid="295" ordinal="0" offset="89" sl="298" sc="0" el="298" ec="0" bec="0" bev="0" fileid="7" />
                <SequencePoint vc="0" uspid="296" ordinal="0" offset="109" sl="299" sc="0" el="299" ec="0" bec="0" bev="0" fileid="7" />
                <SequencePoint vc="0" uspid="297" ordinal="0" offset="110" sl="300" sc="0" el="300" ec="0" bec="0" bev="0" fileid="7" />
                <SequencePoint vc="0" uspid="298" ordinal="0" offset="112" sl="303" sc="0" el="303" ec="0" bec="0" bev="0" fileid="7" />
                <SequencePoint vc="0" uspid="299" ordinal="0" offset="119" sl="304" sc="0" el="304" ec="0" bec="0" bev="0" fileid="7" />
                <SequencePoint vc="0" uspid="300" ordinal="0" offset="130" sl="305" sc="0" el="305" ec="0" bec="0" bev="0" fileid="7" />
              </SequencePoints>
              <BranchPoints />
            </Method>
            <Method visited="false" cyclomaticComplexity="0" nPathComplexity="0" sequenceCoverage="0.0" branchCoverage="0" crapScore="0" isConstructor="false" isStatic="false" isGetter="false" isSetter="false">
              <Summary numSequencePoints="13" visitedSequencePoints="0" numBranchPoints="0" visitedBranchPoints="0" sequenceCoverage="0.0" branchCoverage="0" maxCyclomaticComplexity="0" minCyclomaticComplexity="0" maxCrapScore="0" minCrapScore="0" visitedClasses="0" numClasses="0" visitedMethods="0" numMethods="1" />
              <MetadataToken>100663326</MetadataToken>
              <Name>System.Void NewPlayerControl::PerformGroundCheck()</Name>
              <FileRef uid="7" />
              <SequencePoints>
                <SequencePoint vc="0" uspid="301" ordinal="0" offset="0" sl="308" sc="0" el="308" ec="0" bec="0" bev="0" fileid="7" />
                <SequencePoint vc="0" uspid="302" ordinal="0" offset="1" sl="309" sc="0" el="309" ec="0" bec="0" bev="0" fileid="7" />
                <SequencePoint vc="0" uspid="303" ordinal="0" offset="45" sl="312" sc="0" el="312" ec="0" bec="0" bev="0" fileid="7" />
                <SequencePoint vc="0" uspid="304" ordinal="0" offset="69" sl="313" sc="0" el="313" ec="0" bec="0" bev="0" fileid="7" />
                <SequencePoint vc="0" uspid="305" ordinal="0" offset="70" sl="315" sc="0" el="315" ec="0" bec="0" bev="0" fileid="7" />
                <SequencePoint vc="0" uspid="306" ordinal="0" offset="94" sl="319" sc="0" el="319" ec="0" bec="0" bev="0" fileid="7" />
                <SequencePoint vc="0" uspid="307" ordinal="0" offset="107" sl="320" sc="0" el="320" ec="0" bec="0" bev="0" fileid="7" />
                <SequencePoint vc="0" uspid="308" ordinal="0" offset="108" sl="323" sc="0" el="323" ec="0" bec="0" bev="0" fileid="7" />
                <SequencePoint vc="0" uspid="309" ordinal="0" offset="127" sl="326" sc="0" el="326" ec="0" bec="0" bev="0" fileid="7" />
                <SequencePoint vc="0" uspid="310" ordinal="0" offset="146" sl="328" sc="0" el="328" ec="0" bec="0" bev="0" fileid="7" />
                <SequencePoint vc="0" uspid="311" ordinal="0" offset="155" sl="329" sc="0" el="329" ec="0" bec="0" bev="0" fileid="7" />
                <SequencePoint vc="0" uspid="312" ordinal="0" offset="156" sl="330" sc="0" el="330" ec="0" bec="0" bev="0" fileid="7" />
                <SequencePoint vc="0" uspid="313" ordinal="0" offset="157" sl="331" sc="0" el="331" ec="0" bec="0" bev="0" fileid="7" />
              </SequencePoints>
              <BranchPoints />
            </Method>
            <Method visited="false" cyclomaticComplexity="0" nPathComplexity="0" sequenceCoverage="0.0" branchCoverage="0" crapScore="0" isConstructor="false" isStatic="false" isGetter="false" isSetter="false">
              <Summary numSequencePoints="7" visitedSequencePoints="0" numBranchPoints="0" visitedBranchPoints="0" sequenceCoverage="0.0" branchCoverage="0" maxCyclomaticComplexity="0" minCyclomaticComplexity="0" maxCrapScore="0" minCrapScore="0" visitedClasses="0" numClasses="0" visitedMethods="0" numMethods="1" />
              <MetadataToken>100663327</MetadataToken>
              <Name>System.Void NewPlayerControl::PlayJumpSound()</Name>
              <FileRef uid="7" />
              <SequencePoints>
                <SequencePoint vc="0" uspid="314" ordinal="0" offset="0" sl="336" sc="0" el="336" ec="0" bec="0" bev="0" fileid="7" />
                <SequencePoint vc="0" uspid="315" ordinal="0" offset="1" sl="337" sc="0" el="337" ec="0" bec="0" bev="0" fileid="7" />
                <SequencePoint vc="0" uspid="316" ordinal="0" offset="34" sl="338" sc="0" el="338" ec="0" bec="0" bev="0" fileid="7" />
                <SequencePoint vc="0" uspid="317" ordinal="0" offset="35" sl="339" sc="0" el="339" ec="0" bec="0" bev="0" fileid="7" />
                <SequencePoint vc="0" uspid="318" ordinal="0" offset="72" sl="340" sc="0" el="340" ec="0" bec="0" bev="0" fileid="7" />
                <SequencePoint vc="0" uspid="319" ordinal="0" offset="96" sl="341" sc="0" el="341" ec="0" bec="0" bev="0" fileid="7" />
                <SequencePoint vc="0" uspid="320" ordinal="0" offset="97" sl="342" sc="0" el="342" ec="0" bec="0" bev="0" fileid="7" />
              </SequencePoints>
              <BranchPoints />
            </Method>
            <Method visited="false" cyclomaticComplexity="0" nPathComplexity="0" sequenceCoverage="0.0" branchCoverage="0" crapScore="0" isConstructor="false" isStatic="false" isGetter="false" isSetter="false">
              <Summary numSequencePoints="7" visitedSequencePoints="0" numBranchPoints="0" visitedBranchPoints="0" sequenceCoverage="0.0" branchCoverage="0" maxCyclomaticComplexity="0" minCyclomaticComplexity="0" maxCrapScore="0" minCrapScore="0" visitedClasses="0" numClasses="0" visitedMethods="0" numMethods="1" />
              <MetadataToken>100663328</MetadataToken>
              <Name>System.Void NewPlayerControl::PlayLandSound(System.Single)</Name>
              <FileRef uid="7" />
              <SequencePoints>
                <SequencePoint vc="0" uspid="321" ordinal="0" offset="0" sl="346" sc="0" el="346" ec="0" bec="0" bev="0" fileid="7" />
                <SequencePoint vc="0" uspid="322" ordinal="0" offset="1" sl="347" sc="0" el="347" ec="0" bec="0" bev="0" fileid="7" />
                <SequencePoint vc="0" uspid="323" ordinal="0" offset="34" sl="348" sc="0" el="348" ec="0" bec="0" bev="0" fileid="7" />
                <SequencePoint vc="0" uspid="324" ordinal="0" offset="35" sl="349" sc="0" el="349" ec="0" bec="0" bev="0" fileid="7" />
                <SequencePoint vc="0" uspid="325" ordinal="0" offset="72" sl="350" sc="0" el="350" ec="0" bec="0" bev="0" fileid="7" />
                <SequencePoint vc="0" uspid="326" ordinal="0" offset="91" sl="351" sc="0" el="351" ec="0" bec="0" bev="0" fileid="7" />
                <SequencePoint vc="0" uspid="327" ordinal="0" offset="92" sl="352" sc="0" el="352" ec="0" bec="0" bev="0" fileid="7" />
              </SequencePoints>
              <BranchPoints />
            </Method>
            <Method visited="false" cyclomaticComplexity="0" nPathComplexity="0" sequenceCoverage="0.0" branchCoverage="0" crapScore="0" isConstructor="false" isStatic="false" isGetter="false" isSetter="false">
              <Summary numSequencePoints="7" visitedSequencePoints="0" numBranchPoints="0" visitedBranchPoints="0" sequenceCoverage="0.0" branchCoverage="0" maxCyclomaticComplexity="0" minCyclomaticComplexity="0" maxCrapScore="0" minCrapScore="0" visitedClasses="0" numClasses="0" visitedMethods="0" numMethods="1" />
              <MetadataToken>100663329</MetadataToken>
              <Name>System.Void NewPlayerControl::PlayBumpSound()</Name>
              <FileRef uid="7" />
              <SequencePoints>
                <SequencePoint vc="0" uspid="328" ordinal="0" offset="0" sl="355" sc="0" el="355" ec="0" bec="0" bev="0" fileid="7" />
                <SequencePoint vc="0" uspid="329" ordinal="0" offset="1" sl="356" sc="0" el="356" ec="0" bec="0" bev="0" fileid="7" />
                <SequencePoint vc="0" uspid="330" ordinal="0" offset="34" sl="357" sc="0" el="357" ec="0" bec="0" bev="0" fileid="7" />
                <SequencePoint vc="0" uspid="331" ordinal="0" offset="35" sl="358" sc="0" el="358" ec="0" bec="0" bev="0" fileid="7" />
                <SequencePoint vc="0" uspid="332" ordinal="0" offset="72" sl="359" sc="0" el="359" ec="0" bec="0" bev="0" fileid="7" />
[...]
                <SequencePoint vc="0" uspid="2485" ordinal="0" offset="653" sl="339" sc="0" el="339" ec="0" bec="0" bev="0" fileid="47" />
                <SequencePoint vc="0" uspid="2486" ordinal="0" offset="654" sl="340" sc="0" el="340" ec="0" bec="0" bev="0" fileid="47" />
                <SequencePoint vc="0" uspid="2487" ordinal="0" offset="661" sl="341" sc="0" el="341" ec="0" bec="0" bev="0" fileid="47" />
                <SequencePoint vc="0" uspid="2488" ordinal="0" offset="662" sl="342" sc="0" el="342" ec="0" bec="0" bev="0" fileid="47" />
                <SequencePoint vc="0" uspid="2489" ordinal="0" offset="668" sl="345" sc="0" el="345" ec="0" bec="0" bev="0" fileid="47" />
                <SequencePoint vc="0" uspid="2490" ordinal="0" offset="700" sl="346" sc="0" el="346" ec="0" bec="0" bev="0" fileid="47" />
                <SequencePoint vc="0" uspid="2491" ordinal="0" offset="701" sl="347" sc="0" el="347" ec="0" bec="0" bev="0" fileid="47" />
                <SequencePoint vc="0" uspid="2492" ordinal="0" offset="728" sl="348" sc="0" el="348" ec="0" bec="0" bev="0" fileid="47" />
                <SequencePoint vc="0" uspid="2493" ordinal="0" offset="744" sl="349" sc="0" el="349" ec="0" bec="0" bev="0" fileid="47" />
                <SequencePoint vc="0" uspid="2494" ordinal="0" offset="745" sl="350" sc="0" el="350" ec="0" bec="0" bev="0" fileid="47" />
                <SequencePoint vc="0" uspid="2495" ordinal="0" offset="764" sl="351" sc="0" el="351" ec="0" bec="0" bev="0" fileid="47" />
                <SequencePoint vc="0" uspid="2496" ordinal="0" offset="770" sl="352" sc="0" el="352" ec="0" bec="0" bev="0" fileid="47" />
                <SequencePoint vc="0" uspid="2497" ordinal="0" offset="789" sl="353" sc="0" el="353" ec="0" bec="0" bev="0" fileid="47" />
                <SequencePoint vc="0" uspid="2498" ordinal="0" offset="808" sl="355" sc="0" el="355" ec="0" bec="0" bev="0" fileid="47" />
                <SequencePoint vc="0" uspid="2499" ordinal="0" offset="826" sl="356" sc="0" el="356" ec="0" bec="0" bev="0" fileid="47" />
                <SequencePoint vc="0" uspid="2500" ordinal="0" offset="827" sl="357" sc="0" el="357" ec="0" bec="0" bev="0" fileid="47" />
                <SequencePoint vc="0" uspid="2501" ordinal="0" offset="828" sl="358" sc="0" el="358" ec="0" bec="0" bev="0" fileid="47" />
                <SequencePoint vc="0" uspid="2502" ordinal="0" offset="834" sl="360" sc="0" el="360" ec="0" bec="0" bev="0" fileid="47" />
                <SequencePoint vc="0" uspid="2503" ordinal="0" offset="853" sl="361" sc="0" el="361" ec="0" bec="0" bev="0" fileid="47" />
                <SequencePoint vc="0" uspid="2504" ordinal="0" offset="854" sl="362" sc="0" el="362" ec="0" bec="0" bev="0" fileid="47" />
                <SequencePoint vc="0" uspid="2505" ordinal="0" offset="861" sl="363" sc="0" el="363" ec="0" bec="0" bev="0" fileid="47" />
                <SequencePoint vc="0" uspid="2506" ordinal="0" offset="862" sl="364" sc="0" el="364" ec="0" bec="0" bev="0" fileid="47" />
              </SequencePoints>
              <BranchPoints />
            </Method>
            <Method visited="false" cyclomaticComplexity="0" nPathComplexity="0" sequenceCoverage="0.0" branchCoverage="0" crapScore="0" isConstructor="false" isStatic="false" isGetter="false" isSetter="false">
              <Summary numSequencePoints="16" visitedSequencePoints="0" numBranchPoints="0" visitedBranchPoints="0" sequenceCoverage="0.0" branchCoverage="0" maxCyclomaticComplexity="0" minCyclomaticComplexity="0" maxCrapScore="0" minCrapScore="0" visitedClasses="0" numClasses="0" visitedMethods="0" numMethods="1" />
              <MetadataToken>100663333</MetadataToken>
              <Name>System.Void TrueClouds.NoiseGenerator::DrawPreview(UnityEngine.Rect, UnityEngine.Texture, System.String)</Name>
              <FileRef uid="47" />
              <SequencePoints>
                <SequencePoint vc="0" uspid="2507" ordinal="0" offset="0" sl="367" sc="0" el="367" ec="0" bec="0" bev="0" fileid="47" />
                <SequencePoint vc="0" uspid="2508" ordinal="0" offset="1" sl="368" sc="0" el="368" ec="0" bec="0" bev="0" fileid="47" />
                <SequencePoint vc="0" uspid="2509" ordinal="0" offset="35" sl="369" sc="0" el="369" ec="0" bec="0" bev="0" fileid="47" />
                <SequencePoint vc="0" uspid="2510" ordinal="0" offset="59" sl="370" sc="0" el="370" ec="0" bec="0" bev="0" fileid="47" />
                <SequencePoint vc="0" uspid="2511" ordinal="0" offset="67" sl="372" sc="0" el="372" ec="0" bec="0" bev="0" fileid="47" />
                <SequencePoint vc="0" uspid="2512" ordinal="0" offset="91" sl="373" sc="0" el="373" ec="0" bec="0" bev="0" fileid="47" />
                <SequencePoint vc="0" uspid="2513" ordinal="0" offset="92" sl="374" sc="0" el="374" ec="0" bec="0" bev="0" fileid="47" />
                <SequencePoint vc="0" uspid="2514" ordinal="0" offset="94" sl="375" sc="0" el="375" ec="0" bec="0" bev="0" fileid="47" />
                <SequencePoint vc="0" uspid="2515" ordinal="0" offset="115" sl="376" sc="0" el="376" ec="0" bec="0" bev="0" fileid="47" />
                <SequencePoint vc="0" uspid="2516" ordinal="0" offset="128" sl="377" sc="0" el="377" ec="0" bec="0" bev="0" fileid="47" />
                <SequencePoint vc="0" uspid="2517" ordinal="0" offset="143" sl="378" sc="0" el="378" ec="0" bec="0" bev="0" fileid="47" />
                <SequencePoint vc="0" uspid="2518" ordinal="0" offset="177" sl="379" sc="0" el="379" ec="0" bec="0" bev="0" fileid="47" />
                <SequencePoint vc="0" uspid="2519" ordinal="0" offset="193" sl="380" sc="0" el="380" ec="0" bec="0" bev="0" fileid="47" />
                <SequencePoint vc="0" uspid="2520" ordinal="0" offset="213" sl="381" sc="0" el="381" ec="0" bec="0" bev="0" fileid="47" />
                <SequencePoint vc="0" uspid="2521" ordinal="0" offset="222" sl="382" sc="0" el="382" ec="0" bec="0" bev="0" fileid="47" />
                <SequencePoint vc="0" uspid="2522" ordinal="0" offset="223" sl="383" sc="0" el="383" ec="0" bec="0" bev="0" fileid="47" />
              </SequencePoints>
              <BranchPoints />
            </Method>
            <Method visited="false" cyclomaticComplexity="0" nPathComplexity="0" sequenceCoverage="0.0" branchCoverage="0" crapScore="0" isConstructor="false" isStatic="false" isGetter="false" isSetter="false">
              <Summary numSequencePoints="27" visitedSequencePoints="0" numBranchPoints="0" visitedBranchPoints="0" sequenceCoverage="0.0" branchCoverage="0" maxCyclomaticComplexity="0" minCyclomaticComplexity="0" maxCrapScore="0" minCrapScore="0" visitedClasses="0" numClasses="0" visitedMethods="0" numMethods="1" />
              <MetadataToken>100663334</MetadataToken>
              <Name>System.Void TrueClouds.NoiseGenerator::DrawPreviews()</Name>
              <FileRef uid="47" />
              <SequencePoints>
                <SequencePoint vc="0" uspid="2523" ordinal="0" offset="0" sl="386" sc="0" el="386" ec="0" bec="0" bev="0" fileid="47" />
                <SequencePoint vc="0" uspid="2524" ordinal="0" offset="1" sl="387" sc="0" el="387" ec="0" bec="0" bev="0" fileid="47" />
                <SequencePoint vc="0" uspid="2525" ordinal="0" offset="12" sl="388" sc="0" el="388" ec="0" bec="0" bev="0" fileid="47" />
                <SequencePoint vc="0" uspid="2526" ordinal="0" offset="18" sl="390" sc="0" el="390" ec="0" bec="0" bev="0" fileid="47" />
                <SequencePoint vc="0" uspid="2527" ordinal="0" offset="34" sl="391" sc="0" el="391" ec="0" bec="0" bev="0" fileid="47" />
                <SequencePoint vc="0" uspid="2528" ordinal="0" offset="40" sl="393" sc="0" el="393" ec="0" bec="0" bev="0" fileid="47" />
                <SequencePoint vc="0" uspid="2529" ordinal="0" offset="59" sl="395" sc="0" el="395" ec="0" bec="0" bev="0" fileid="47" />
                <SequencePoint vc="0" uspid="2530" ordinal="0" offset="70" sl="396" sc="0" el="396" ec="0" bec="0" bev="0" fileid="47" />
                <SequencePoint vc="0" uspid="2531" ordinal="0" offset="81" sl="397" sc="0" el="397" ec="0" bec="0" bev="0" fileid="47" />
                <SequencePoint vc="0" uspid="2532" ordinal="0" offset="97" sl="398" sc="0" el="398" ec="0" bec="0" bev="0" fileid="47" />
                <SequencePoint vc="0" uspid="2533" ordinal="0" offset="103" sl="399" sc="0" el="399" ec="0" bec="0" bev="0" fileid="47" />
                <SequencePoint vc="0" uspid="2534" ordinal="0" offset="116" sl="400" sc="0" el="400" ec="0" bec="0" bev="0" fileid="47" />
                <SequencePoint vc="0" uspid="2535" ordinal="0" offset="135" sl="401" sc="0" el="401" ec="0" bec="0" bev="0" fileid="47" />
                <SequencePoint vc="0" uspid="2536" ordinal="0" offset="155" sl="402" sc="0" el="402" ec="0" bec="0" bev="0" fileid="47" />
                <SequencePoint vc="0" uspid="2537" ordinal="0" offset="174" sl="403" sc="0" el="403" ec="0" bec="0" bev="0" fileid="47" />
                <SequencePoint vc="0" uspid="2538" ordinal="0" offset="180" sl="405" sc="0" el="405" ec="0" bec="0" bev="0" fileid="47" />
                <SequencePoint vc="0" uspid="2539" ordinal="0" offset="191" sl="406" sc="0" el="406" ec="0" bec="0" bev="0" fileid="47" />
                <SequencePoint vc="0" uspid="2540" ordinal="0" offset="207" sl="407" sc="0" el="407" ec="0" bec="0" bev="0" fileid="47" />
                <SequencePoint vc="0" uspid="2541" ordinal="0" offset="213" sl="408" sc="0" el="408" ec="0" bec="0" bev="0" fileid="47" />
                <SequencePoint vc="0" uspid="2542" ordinal="0" offset="226" sl="409" sc="0" el="409" ec="0" bec="0" bev="0" fileid="47" />
                <SequencePoint vc="0" uspid="2543" ordinal="0" offset="245" sl="410" sc="0" el="410" ec="0" bec="0" bev="0" fileid="47" />
                <SequencePoint vc="0" uspid="2544" ordinal="0" offset="265" sl="411" sc="0" el="411" ec="0" bec="0" bev="0" fileid="47" />
                <SequencePoint vc="0" uspid="2545" ordinal="0" offset="284" sl="412" sc="0" el="412" ec="0" bec="0" bev="0" fileid="47" />
                <SequencePoint vc="0" uspid="2546" ordinal="0" offset="290" sl="413" sc="0" el="413" ec="0" bec="0" bev="0" fileid="47" />
                <SequencePoint vc="0" uspid="2547" ordinal="0" offset="296" sl="415" sc="0" el="415" ec="0" bec="0" bev="0" fileid="47" />
                <SequencePoint vc="0" uspid="2548" ordinal="0" offset="302" sl="416" sc="0" el="416" ec="0" bec="0" bev="0" fileid="47" />
                <SequencePoint vc="0" uspid="2549" ordinal="0" offset="308" sl="417" sc="0" el="417" ec="0" bec="0" bev="0" fileid="47" />
              </SequencePoints>
              <BranchPoints />
            </Method>
            <Method visited="false" cyclomaticComplexity="0" nPathComplexity="0" sequenceCoverage="0.0" branchCoverage="0" crapScore="0" isConstructor="false" isStatic="false" isGetter="false" isSetter="false">
              <Summary numSequencePoints="3" visitedSequencePoints="0" numBranchPoints="0" visitedBranchPoints="0" sequenceCoverage="0.0" branchCoverage="0" maxCyclomaticComplexity="0" minCyclomaticComplexity="0" maxCrapScore="0" minCrapScore="0" visitedClasses="0" numClasses="0" visitedMethods="0" numMethods="1" />
              <MetadataToken>100663335</MetadataToken>
              <Name>System.Void TrueClouds.NoiseGenerator::OnWizardOtherButton()</Name>
              <FileRef uid="47" />
              <SequencePoints>
                <SequencePoint vc="0" uspid="2550" ordinal="0" offset="0" sl="420" sc="0" el="420" ec="0" bec="0" bev="0" fileid="47" />
                <SequencePoint vc="0" uspid="2551" ordinal="0" offset="1" sl="421" sc="0" el="421" ec="0" bec="0" bev="0" fileid="47" />
                <SequencePoint vc="0" uspid="2552" ordinal="0" offset="24" sl="422" sc="0" el="422" ec="0" bec="0" bev="0" fileid="47" />
              </SequencePoints>
              <BranchPoints />
            </Method>
            <Method visited="false" cyclomaticComplexity="0" nPathComplexity="0" sequenceCoverage="0.0" branchCoverage="0" crapScore="0" isConstructor="true" isStatic="false" isGetter="false" isSetter="false">
              <Summary numSequencePoints="9" visitedSequencePoints="0" numBranchPoints="0" visitedBranchPoints="0" sequenceCoverage="0.0" branchCoverage="0" maxCyclomaticComplexity="0" minCyclomaticComplexity="0" maxCrapScore="0" minCrapScore="0" visitedClasses="0" numClasses="0" visitedMethods="0" numMethods="1" />
              <MetadataToken>100663336</MetadataToken>
              <Name>TrueClouds.NoiseGenerator::NoiseGenerator()</Name>
              <FileRef uid="47" />
              <SequencePoints>
                <SequencePoint vc="0" uspid="2553" ordinal="0" offset="0" sl="26" sc="0" el="26" ec="0" bec="0" bev="0" fileid="47" />
                <SequencePoint vc="0" uspid="2554" ordinal="0" offset="11" sl="27" sc="0" el="27" ec="0" bec="0" bev="0" fileid="47" />
                <SequencePoint vc="0" uspid="2555" ordinal="0" offset="18" sl="28" sc="0" el="28" ec="0" bec="0" bev="0" fileid="47" />
                <SequencePoint vc="0" uspid="2556" ordinal="0" offset="25" sl="29" sc="0" el="29" ec="0" bec="0" bev="0" fileid="47" />
                <SequencePoint vc="0" uspid="2557" ordinal="0" offset="36" sl="31" sc="0" el="31" ec="0" bec="0" bev="0" fileid="47" />
                <SequencePoint vc="0" uspid="2558" ordinal="0" offset="47" sl="32" sc="0" el="32" ec="0" bec="0" bev="0" fileid="47" />
                <SequencePoint vc="0" uspid="2559" ordinal="0" offset="54" sl="33" sc="0" el="33" ec="0" bec="0" bev="0" fileid="47" />
                <SequencePoint vc="0" uspid="2560" ordinal="0" offset="61" sl="34" sc="0" el="34" ec="0" bec="0" bev="0" fileid="47" />
                <SequencePoint vc="0" uspid="2561" ordinal="0" offset="72" sl="283" sc="0" el="283" ec="0" bec="0" bev="0" fileid="47" />
              </SequencePoints>
              <BranchPoints />
            </Method>
          </Methods>
        </Class>
        <Class>
          <Summary numSequencePoints="5" visitedSequencePoints="0" numBranchPoints="0" visitedBranchPoints="0" sequenceCoverage="0.0" branchCoverage="0.0" maxCyclomaticComplexity="0" minCyclomaticComplexity="0" maxCrapScore="0" minCrapScore="0" visitedClasses="0" numClasses="1" visitedMethods="0" numMethods="1" />
          <FullName>TrueClouds.TrueCloudsReadOnlyDrawer</FullName>
          <Methods>
            <Method visited="false" cyclomaticComplexity="0" nPathComplexity="0" sequenceCoverage="0.0" branchCoverage="0" crapScore="0" isConstructor="false" isStatic="false" isGetter="false" isSetter="false">
              <Summary numSequencePoints="5" visitedSequencePoints="0" numBranchPoints="0" visitedBranchPoints="0" sequenceCoverage="0.0" branchCoverage="0" maxCyclomaticComplexity="0" minCyclomaticComplexity="0" maxCrapScore="0" minCrapScore="0" visitedClasses="0" numClasses="0" visitedMethods="0" numMethods="1" />
              <MetadataToken>100663337</MetadataToken>
              <Name>System.Void TrueClouds.TrueCloudsReadOnlyDrawer::OnGUI(UnityEngine.Rect, UnityEditor.SerializedProperty, UnityEngine.GUIContent)</Name>
              <FileRef uid="48" />
              <SequencePoints>
                <SequencePoint vc="0" uspid="2562" ordinal="0" offset="0" sl="10" sc="0" el="10" ec="0" bec="0" bev="0" fileid="48" />
                <SequencePoint vc="0" uspid="2563" ordinal="0" offset="1" sl="11" sc="0" el="11" ec="0" bec="0" bev="0" fileid="48" />
                <SequencePoint vc="0" uspid="2564" ordinal="0" offset="8" sl="12" sc="0" el="12" ec="0" bec="0" bev="0" fileid="48" />
                <SequencePoint vc="0" uspid="2565" ordinal="0" offset="18" sl="13" sc="0" el="13" ec="0" bec="0" bev="0" fileid="48" />
                <SequencePoint vc="0" uspid="2566" ordinal="0" offset="25" sl="14" sc="0" el="14" ec="0" bec="0" bev="0" fileid="48" />
              </SequencePoints>
              <BranchPoints />
            </Method>
          </Methods>
        </Class>
        <Class>
          <Summary numSequencePoints="12" visitedSequencePoints="0" numBranchPoints="0" visitedBranchPoints="0" sequenceCoverage="0.0" branchCoverage="0.0" maxCyclomaticComplexity="0" minCyclomaticComplexity="0" maxCrapScore="0" minCrapScore="0" visitedClasses="0" numClasses="1" visitedMethods="0" numMethods="2" />
          <FullName>TrueClouds.CloudCameraEditor/Foldout</FullName>
          <Methods>
            <Method visited="false" cyclomaticComplexity="0" nPathComplexity="0" sequenceCoverage="0.0" branchCoverage="0" crapScore="0" isConstructor="false" isStatic="false" isGetter="false" isSetter="false">
              <Summary numSequencePoints="3" visitedSequencePoints="0" numBranchPoints="0" visitedBranchPoints="0" sequenceCoverage="0.0" branchCoverage="0" maxCyclomaticComplexity="0" minCyclomaticComplexity="0" maxCrapScore="0" minCrapScore="0" visitedClasses="0" numClasses="0" visitedMethods="0" numMethods="1" />
              <MetadataToken>100663340</MetadataToken>
              <Name>System.Void TrueClouds.CloudCameraEditor/Foldout::Dispose()</Name>
              <FileRef uid="46" />
              <SequencePoints>
                <SequencePoint vc="0" uspid="2567" ordinal="0" offset="0" sl="410" sc="0" el="410" ec="0" bec="0" bev="0" fileid="46" />
                <SequencePoint vc="0" uspid="2568" ordinal="0" offset="1" sl="411" sc="0" el="411" ec="0" bec="0" bev="0" fileid="46" />
                <SequencePoint vc="0" uspid="2569" ordinal="0" offset="14" sl="412" sc="0" el="412" ec="0" bec="0" bev="0" fileid="46" />
              </SequencePoints>
              <BranchPoints />
            </Method>
            <Method visited="false" cyclomaticComplexity="0" nPathComplexity="0" sequenceCoverage="0.0" branchCoverage="0" crapScore="0" isConstructor="true" isStatic="false" isGetter="false" isSetter="false">
              <Summary numSequencePoints="9" visitedSequencePoints="0" numBranchPoints="0" visitedBranchPoints="0" sequenceCoverage="0.0" branchCoverage="0" maxCyclomaticComplexity="0" minCyclomaticComplexity="0" maxCrapScore="0" minCrapScore="0" visitedClasses="0" numClasses="0" visitedMethods="0" numMethods="1" />
              <MetadataToken>100663339</MetadataToken>
              <Name>TrueClouds.CloudCameraEditor/Foldout::Foldout(System.String, System.Boolean&amp;, System.Action)</Name>
              <FileRef uid="46" />
              <SequencePoints>
                <SequencePoint vc="0" uspid="2570" ordinal="0" offset="0" sl="399" sc="0" el="399" ec="0" bec="0" bev="0" fileid="46" />
                <SequencePoint vc="0" uspid="2571" ordinal="0" offset="7" sl="400" sc="0" el="400" ec="0" bec="0" bev="0" fileid="46" />
                <SequencePoint vc="0" uspid="2572" ordinal="0" offset="8" sl="401" sc="0" el="401" ec="0" bec="0" bev="0" fileid="46" />
                <SequencePoint vc="0" uspid="2573" ordinal="0" offset="18" sl="402" sc="0" el="402" ec="0" bec="0" bev="0" fileid="46" />
                <SequencePoint vc="0" uspid="2574" ordinal="0" offset="31" sl="403" sc="0" el="403" ec="0" bec="0" bev="0" fileid="46" />
                <SequencePoint vc="0" uspid="2575" ordinal="0" offset="37" sl="404" sc="0" el="404" ec="0" bec="0" bev="0" fileid="46" />
                <SequencePoint vc="0" uspid="2576" ordinal="0" offset="38" sl="405" sc="0" el="405" ec="0" bec="0" bev="0" fileid="46" />
                <SequencePoint vc="0" uspid="2577" ordinal="0" offset="45" sl="406" sc="0" el="406" ec="0" bec="0" bev="0" fileid="46" />
                <SequencePoint vc="0" uspid="2578" ordinal="0" offset="46" sl="407" sc="0" el="407" ec="0" bec="0" bev="0" fileid="46" />
              </SequencePoints>
              <BranchPoints />
            </Method>
          </Methods>
        </Class>
      </Classes>
    </Module>
  </Modules>
</CoverageSession>